This is pdfTeX, Version 3.14159265-2.6-1.40.16 (TeX Live 2015/Debian) (preloaded format=pdflatex 2017.8.23)  20 OCT 2017 11:33
entering extended mode
 restricted \write18 enabled.
 %&-line parsing enabled.
**researchPaper.tex
(./researchPaper.tex
LaTeX2e <2016/02/01>
Babel <3.9q> and hyphenation patterns for 3 language(s) loaded.
(/usr/share/texlive/texmf-dist/tex/latex/base/article.cls
Document Class: article 2014/09/29 v1.4h Standard LaTeX document class
(/usr/share/texlive/texmf-dist/tex/latex/base/size10.clo
File: size10.clo 2014/09/29 v1.4h Standard LaTeX file (size option)
)
\c@part=\count79
\c@section=\count80
\c@subsection=\count81
\c@subsubsection=\count82
\c@paragraph=\count83
\c@subparagraph=\count84
\c@figure=\count85
\c@table=\count86
\abovecaptionskip=\skip41
\belowcaptionskip=\skip42
\bibindent=\dimen102
)
(/usr/share/texlive/texmf-dist/tex/latex/base/inputenc.sty
Package: inputenc 2015/03/17 v1.2c Input encoding file
\inpenc@prehook=\toks14
\inpenc@posthook=\toks15

(/usr/share/texlive/texmf-dist/tex/latex/base/utf8.def
File: utf8.def 2015/12/03 v1.1r UTF-8 support for inputenc
Now handling font encoding OML ...
... no UTF-8 mapping file for font encoding OML
Now handling font encoding T1 ...
... processing UTF-8 mapping file for font encoding T1

(/usr/share/texlive/texmf-dist/tex/latex/base/t1enc.dfu
File: t1enc.dfu 2015/12/03 v1.1r UTF-8 support for inputenc
   defining Unicode char U+00A0 (decimal 160)
   defining Unicode char U+00A1 (decimal 161)
   defining Unicode char U+00A3 (decimal 163)
   defining Unicode char U+00AB (decimal 171)
   defining Unicode char U+00AD (decimal 173)
   defining Unicode char U+00BB (decimal 187)
   defining Unicode char U+00BF (decimal 191)
   defining Unicode char U+00C0 (decimal 192)
   defining Unicode char U+00C1 (decimal 193)
   defining Unicode char U+00C2 (decimal 194)
   defining Unicode char U+00C3 (decimal 195)
   defining Unicode char U+00C4 (decimal 196)
   defining Unicode char U+00C5 (decimal 197)
   defining Unicode char U+00C6 (decimal 198)
   defining Unicode char U+00C7 (decimal 199)
   defining Unicode char U+00C8 (decimal 200)
   defining Unicode char U+00C9 (decimal 201)
   defining Unicode char U+00CA (decimal 202)
   defining Unicode char U+00CB (decimal 203)
   defining Unicode char U+00CC (decimal 204)
   defining Unicode char U+00CD (decimal 205)
   defining Unicode char U+00CE (decimal 206)
   defining Unicode char U+00CF (decimal 207)
   defining Unicode char U+00D0 (decimal 208)
   defining Unicode char U+00D1 (decimal 209)
   defining Unicode char U+00D2 (decimal 210)
   defining Unicode char U+00D3 (decimal 211)
   defining Unicode char U+00D4 (decimal 212)
   defining Unicode char U+00D5 (decimal 213)
   defining Unicode char U+00D6 (decimal 214)
   defining Unicode char U+00D8 (decimal 216)
   defining Unicode char U+00D9 (decimal 217)
   defining Unicode char U+00DA (decimal 218)
   defining Unicode char U+00DB (decimal 219)
   defining Unicode char U+00DC (decimal 220)
   defining Unicode char U+00DD (decimal 221)
   defining Unicode char U+00DE (decimal 222)
   defining Unicode char U+00DF (decimal 223)
   defining Unicode char U+00E0 (decimal 224)
   defining Unicode char U+00E1 (decimal 225)
   defining Unicode char U+00E2 (decimal 226)
   defining Unicode char U+00E3 (decimal 227)
   defining Unicode char U+00E4 (decimal 228)
   defining Unicode char U+00E5 (decimal 229)
   defining Unicode char U+00E6 (decimal 230)
   defining Unicode char U+00E7 (decimal 231)
   defining Unicode char U+00E8 (decimal 232)
   defining Unicode char U+00E9 (decimal 233)
   defining Unicode char U+00EA (decimal 234)
   defining Unicode char U+00EB (decimal 235)
   defining Unicode char U+00EC (decimal 236)
   defining Unicode char U+00ED (decimal 237)
   defining Unicode char U+00EE (decimal 238)
   defining Unicode char U+00EF (decimal 239)
   defining Unicode char U+00F0 (decimal 240)
   defining Unicode char U+00F1 (decimal 241)
   defining Unicode char U+00F2 (decimal 242)
   defining Unicode char U+00F3 (decimal 243)
   defining Unicode char U+00F4 (decimal 244)
   defining Unicode char U+00F5 (decimal 245)
   defining Unicode char U+00F6 (decimal 246)
   defining Unicode char U+00F8 (decimal 248)
   defining Unicode char U+00F9 (decimal 249)
   defining Unicode char U+00FA (decimal 250)
   defining Unicode char U+00FB (decimal 251)
   defining Unicode char U+00FC (decimal 252)
   defining Unicode char U+00FD (decimal 253)
   defining Unicode char U+00FE (decimal 254)
   defining Unicode char U+00FF (decimal 255)
   defining Unicode char U+0100 (decimal 256)
   defining Unicode char U+0101 (decimal 257)
   defining Unicode char U+0102 (decimal 258)
   defining Unicode char U+0103 (decimal 259)
   defining Unicode char U+0104 (decimal 260)
   defining Unicode char U+0105 (decimal 261)
   defining Unicode char U+0106 (decimal 262)
   defining Unicode char U+0107 (decimal 263)
   defining Unicode char U+0108 (decimal 264)
   defining Unicode char U+0109 (decimal 265)
   defining Unicode char U+010A (decimal 266)
   defining Unicode char U+010B (decimal 267)
   defining Unicode char U+010C (decimal 268)
   defining Unicode char U+010D (decimal 269)
   defining Unicode char U+010E (decimal 270)
   defining Unicode char U+010F (decimal 271)
   defining Unicode char U+0110 (decimal 272)
   defining Unicode char U+0111 (decimal 273)
   defining Unicode char U+0112 (decimal 274)
   defining Unicode char U+0113 (decimal 275)
   defining Unicode char U+0114 (decimal 276)
   defining Unicode char U+0115 (decimal 277)
   defining Unicode char U+0116 (decimal 278)
   defining Unicode char U+0117 (decimal 279)
   defining Unicode char U+0118 (decimal 280)
   defining Unicode char U+0119 (decimal 281)
   defining Unicode char U+011A (decimal 282)
   defining Unicode char U+011B (decimal 283)
   defining Unicode char U+011C (decimal 284)
   defining Unicode char U+011D (decimal 285)
   defining Unicode char U+011E (decimal 286)
   defining Unicode char U+011F (decimal 287)
   defining Unicode char U+0120 (decimal 288)
   defining Unicode char U+0121 (decimal 289)
   defining Unicode char U+0122 (decimal 290)
   defining Unicode char U+0123 (decimal 291)
   defining Unicode char U+0124 (decimal 292)
   defining Unicode char U+0125 (decimal 293)
   defining Unicode char U+0128 (decimal 296)
   defining Unicode char U+0129 (decimal 297)
   defining Unicode char U+012A (decimal 298)
   defining Unicode char U+012B (decimal 299)
   defining Unicode char U+012C (decimal 300)
   defining Unicode char U+012D (decimal 301)
   defining Unicode char U+012E (decimal 302)
   defining Unicode char U+012F (decimal 303)
   defining Unicode char U+0130 (decimal 304)
   defining Unicode char U+0131 (decimal 305)
   defining Unicode char U+0132 (decimal 306)
   defining Unicode char U+0133 (decimal 307)
   defining Unicode char U+0134 (decimal 308)
   defining Unicode char U+0135 (decimal 309)
   defining Unicode char U+0136 (decimal 310)
   defining Unicode char U+0137 (decimal 311)
   defining Unicode char U+0139 (decimal 313)
   defining Unicode char U+013A (decimal 314)
   defining Unicode char U+013B (decimal 315)
   defining Unicode char U+013C (decimal 316)
   defining Unicode char U+013D (decimal 317)
   defining Unicode char U+013E (decimal 318)
   defining Unicode char U+0141 (decimal 321)
   defining Unicode char U+0142 (decimal 322)
   defining Unicode char U+0143 (decimal 323)
   defining Unicode char U+0144 (decimal 324)
   defining Unicode char U+0145 (decimal 325)
   defining Unicode char U+0146 (decimal 326)
   defining Unicode char U+0147 (decimal 327)
   defining Unicode char U+0148 (decimal 328)
   defining Unicode char U+014A (decimal 330)
   defining Unicode char U+014B (decimal 331)
   defining Unicode char U+014C (decimal 332)
   defining Unicode char U+014D (decimal 333)
   defining Unicode char U+014E (decimal 334)
   defining Unicode char U+014F (decimal 335)
   defining Unicode char U+0150 (decimal 336)
   defining Unicode char U+0151 (decimal 337)
   defining Unicode char U+0152 (decimal 338)
   defining Unicode char U+0153 (decimal 339)
   defining Unicode char U+0154 (decimal 340)
   defining Unicode char U+0155 (decimal 341)
   defining Unicode char U+0156 (decimal 342)
   defining Unicode char U+0157 (decimal 343)
   defining Unicode char U+0158 (decimal 344)
   defining Unicode char U+0159 (decimal 345)
   defining Unicode char U+015A (decimal 346)
   defining Unicode char U+015B (decimal 347)
   defining Unicode char U+015C (decimal 348)
   defining Unicode char U+015D (decimal 349)
   defining Unicode char U+015E (decimal 350)
   defining Unicode char U+015F (decimal 351)
   defining Unicode char U+0160 (decimal 352)
   defining Unicode char U+0161 (decimal 353)
   defining Unicode char U+0162 (decimal 354)
   defining Unicode char U+0163 (decimal 355)
   defining Unicode char U+0164 (decimal 356)
   defining Unicode char U+0165 (decimal 357)
   defining Unicode char U+0168 (decimal 360)
   defining Unicode char U+0169 (decimal 361)
   defining Unicode char U+016A (decimal 362)
   defining Unicode char U+016B (decimal 363)
   defining Unicode char U+016C (decimal 364)
   defining Unicode char U+016D (decimal 365)
   defining Unicode char U+016E (decimal 366)
   defining Unicode char U+016F (decimal 367)
   defining Unicode char U+0170 (decimal 368)
   defining Unicode char U+0171 (decimal 369)
   defining Unicode char U+0172 (decimal 370)
   defining Unicode char U+0173 (decimal 371)
   defining Unicode char U+0174 (decimal 372)
   defining Unicode char U+0175 (decimal 373)
   defining Unicode char U+0176 (decimal 374)
   defining Unicode char U+0177 (decimal 375)
   defining Unicode char U+0178 (decimal 376)
   defining Unicode char U+0179 (decimal 377)
   defining Unicode char U+017A (decimal 378)
   defining Unicode char U+017B (decimal 379)
   defining Unicode char U+017C (decimal 380)
   defining Unicode char U+017D (decimal 381)
   defining Unicode char U+017E (decimal 382)
   defining Unicode char U+01CD (decimal 461)
   defining Unicode char U+01CE (decimal 462)
   defining Unicode char U+01CF (decimal 463)
   defining Unicode char U+01D0 (decimal 464)
   defining Unicode char U+01D1 (decimal 465)
   defining Unicode char U+01D2 (decimal 466)
   defining Unicode char U+01D3 (decimal 467)
   defining Unicode char U+01D4 (decimal 468)
   defining Unicode char U+01E2 (decimal 482)
   defining Unicode char U+01E3 (decimal 483)
   defining Unicode char U+01E6 (decimal 486)
   defining Unicode char U+01E7 (decimal 487)
   defining Unicode char U+01E8 (decimal 488)
   defining Unicode char U+01E9 (decimal 489)
   defining Unicode char U+01EA (decimal 490)
   defining Unicode char U+01EB (decimal 491)
   defining Unicode char U+01F0 (decimal 496)
   defining Unicode char U+01F4 (decimal 500)
   defining Unicode char U+01F5 (decimal 501)
   defining Unicode char U+0218 (decimal 536)
   defining Unicode char U+0219 (decimal 537)
   defining Unicode char U+021A (decimal 538)
   defining Unicode char U+021B (decimal 539)
   defining Unicode char U+01E02 (decimal 7682)
   defining Unicode char U+01E03 (decimal 7683)
   defining Unicode char U+200C (decimal 8204)
   defining Unicode char U+2013 (decimal 8211)
   defining Unicode char U+2014 (decimal 8212)
   defining Unicode char U+2018 (decimal 8216)
   defining Unicode char U+2019 (decimal 8217)
   defining Unicode char U+201A (decimal 8218)
   defining Unicode char U+201C (decimal 8220)
   defining Unicode char U+201D (decimal 8221)
   defining Unicode char U+201E (decimal 8222)
   defining Unicode char U+2030 (decimal 8240)
   defining Unicode char U+2031 (decimal 8241)
   defining Unicode char U+2039 (decimal 8249)
   defining Unicode char U+203A (decimal 8250)
   defining Unicode char U+2423 (decimal 9251)
)
Now handling font encoding OT1 ...
... processing UTF-8 mapping file for font encoding OT1

(/usr/share/texlive/texmf-dist/tex/latex/base/ot1enc.dfu
File: ot1enc.dfu 2015/12/03 v1.1r UTF-8 support for inputenc
   defining Unicode char U+00A0 (decimal 160)
   defining Unicode char U+00A1 (decimal 161)
   defining Unicode char U+00A3 (decimal 163)
   defining Unicode char U+00AD (decimal 173)
   defining Unicode char U+00B8 (decimal 184)
   defining Unicode char U+00BF (decimal 191)
   defining Unicode char U+00C5 (decimal 197)
   defining Unicode char U+00C6 (decimal 198)
   defining Unicode char U+00D8 (decimal 216)
   defining Unicode char U+00DF (decimal 223)
   defining Unicode char U+00E6 (decimal 230)
   defining Unicode char U+00EC (decimal 236)
   defining Unicode char U+00ED (decimal 237)
   defining Unicode char U+00EE (decimal 238)
   defining Unicode char U+00EF (decimal 239)
   defining Unicode char U+00F8 (decimal 248)
   defining Unicode char U+0131 (decimal 305)
   defining Unicode char U+0141 (decimal 321)
   defining Unicode char U+0142 (decimal 322)
   defining Unicode char U+0152 (decimal 338)
   defining Unicode char U+0153 (decimal 339)
   defining Unicode char U+0174 (decimal 372)
   defining Unicode char U+0175 (decimal 373)
   defining Unicode char U+0176 (decimal 374)
   defining Unicode char U+0177 (decimal 375)
   defining Unicode char U+0218 (decimal 536)
   defining Unicode char U+0219 (decimal 537)
   defining Unicode char U+021A (decimal 538)
   defining Unicode char U+021B (decimal 539)
   defining Unicode char U+2013 (decimal 8211)
   defining Unicode char U+2014 (decimal 8212)
   defining Unicode char U+2018 (decimal 8216)
   defining Unicode char U+2019 (decimal 8217)
   defining Unicode char U+201C (decimal 8220)
   defining Unicode char U+201D (decimal 8221)
)
Now handling font encoding OMS ...
... processing UTF-8 mapping file for font encoding OMS

(/usr/share/texlive/texmf-dist/tex/latex/base/omsenc.dfu
File: omsenc.dfu 2015/12/03 v1.1r UTF-8 support for inputenc
   defining Unicode char U+00A7 (decimal 167)
   defining Unicode char U+00B6 (decimal 182)
   defining Unicode char U+00B7 (decimal 183)
   defining Unicode char U+2020 (decimal 8224)
   defining Unicode char U+2021 (decimal 8225)
   defining Unicode char U+2022 (decimal 8226)
)
Now handling font encoding OMX ...
... no UTF-8 mapping file for font encoding OMX
Now handling font encoding U ...
... no UTF-8 mapping file for font encoding U
   defining Unicode char U+00A9 (decimal 169)
   defining Unicode char U+00AA (decimal 170)
   defining Unicode char U+00AE (decimal 174)
   defining Unicode char U+00BA (decimal 186)
   defining Unicode char U+02C6 (decimal 710)
   defining Unicode char U+02DC (decimal 732)
   defining Unicode char U+200C (decimal 8204)
   defining Unicode char U+2026 (decimal 8230)
   defining Unicode char U+2122 (decimal 8482)
   defining Unicode char U+2423 (decimal 9251)
))
(/usr/share/texlive/texmf-dist/tex/latex/hyperref/hyperref.sty
Package: hyperref 2012/11/06 v6.83m Hypertext links for LaTeX

(/usr/share/texlive/texmf-dist/tex/generic/oberdiek/hobsub-hyperref.sty
Package: hobsub-hyperref 2012/05/28 v1.13 Bundle oberdiek, subset hyperref (HO)


(/usr/share/texlive/texmf-dist/tex/generic/oberdiek/hobsub-generic.sty
Package: hobsub-generic 2012/05/28 v1.13 Bundle oberdiek, subset generic (HO)
Package: hobsub 2012/05/28 v1.13 Construct package bundles (HO)
Package: infwarerr 2010/04/08 v1.3 Providing info/warning/error messages (HO)
Package: ltxcmds 2011/11/09 v1.22 LaTeX kernel commands for general use (HO)
Package: ifluatex 2010/03/01 v1.3 Provides the ifluatex switch (HO)
Package ifluatex Info: LuaTeX not detected.
Package: ifvtex 2010/03/01 v1.5 Detect VTeX and its facilities (HO)
Package ifvtex Info: VTeX not detected.
Package: intcalc 2007/09/27 v1.1 Expandable calculations with integers (HO)
Package: ifpdf 2011/01/30 v2.3 Provides the ifpdf switch (HO)
Package ifpdf Info: pdfTeX in PDF mode is detected.
Package: etexcmds 2011/02/16 v1.5 Avoid name clashes with e-TeX commands (HO)
Package etexcmds Info: Could not find \expanded.
(etexcmds)             That can mean that you are not using pdfTeX 1.50 or
(etexcmds)             that some package has redefined \expanded.
(etexcmds)             In the latter case, load this package earlier.
Package: kvsetkeys 2012/04/25 v1.16 Key value parser (HO)
Package: kvdefinekeys 2011/04/07 v1.3 Define keys (HO)
Package: pdftexcmds 2011/11/29 v0.20 Utility functions of pdfTeX for LuaTeX (HO
)
Package pdftexcmds Info: LuaTeX not detected.
Package pdftexcmds Info: \pdf@primitive is available.
Package pdftexcmds Info: \pdf@ifprimitive is available.
Package pdftexcmds Info: \pdfdraftmode found.
Package: pdfescape 2011/11/25 v1.13 Implements pdfTeX's escape features (HO)
Package: bigintcalc 2012/04/08 v1.3 Expandable calculations on big integers (HO
)
Package: bitset 2011/01/30 v1.1 Handle bit-vector datatype (HO)
Package: uniquecounter 2011/01/30 v1.2 Provide unlimited unique counter (HO)
)
Package hobsub Info: Skipping package `hobsub' (already loaded).
Package: letltxmacro 2010/09/02 v1.4 Let assignment for LaTeX macros (HO)
Package: hopatch 2012/05/28 v1.2 Wrapper for package hooks (HO)
Package: xcolor-patch 2011/01/30 xcolor patch
Package: atveryend 2011/06/30 v1.8 Hooks at the very end of document (HO)
Package atveryend Info: \enddocument detected (standard20110627).
Package: atbegshi 2011/10/05 v1.16 At begin shipout hook (HO)
Package: refcount 2011/10/16 v3.4 Data extraction from label references (HO)
Package: hycolor 2011/01/30 v1.7 Color options for hyperref/bookmark (HO)
)
(/usr/share/texlive/texmf-dist/tex/latex/graphics/keyval.sty
Package: keyval 2014/10/28 v1.15 key=value parser (DPC)
\KV@toks@=\toks16
)
(/usr/share/texlive/texmf-dist/tex/generic/ifxetex/ifxetex.sty
Package: ifxetex 2010/09/12 v0.6 Provides ifxetex conditional
)
(/usr/share/texlive/texmf-dist/tex/latex/oberdiek/auxhook.sty
Package: auxhook 2011/03/04 v1.3 Hooks for auxiliary files (HO)
)
(/usr/share/texlive/texmf-dist/tex/latex/oberdiek/kvoptions.sty
Package: kvoptions 2011/06/30 v3.11 Key value format for package options (HO)
)
\@linkdim=\dimen103
\Hy@linkcounter=\count87
\Hy@pagecounter=\count88

(/usr/share/texlive/texmf-dist/tex/latex/hyperref/pd1enc.def
File: pd1enc.def 2012/11/06 v6.83m Hyperref: PDFDocEncoding definition (HO)
Now handling font encoding PD1 ...
... no UTF-8 mapping file for font encoding PD1
)
\Hy@SavedSpaceFactor=\count89

(/usr/share/texlive/texmf-dist/tex/latex/latexconfig/hyperref.cfg
File: hyperref.cfg 2002/06/06 v1.2 hyperref configuration of TeXLive
)
Package hyperref Info: Hyper figures OFF on input line 4443.
Package hyperref Info: Link nesting OFF on input line 4448.
Package hyperref Info: Hyper index ON on input line 4451.
Package hyperref Info: Plain pages OFF on input line 4458.
Package hyperref Info: Backreferencing OFF on input line 4463.
Package hyperref Info: Implicit mode ON; LaTeX internals redefined.
Package hyperref Info: Bookmarks ON on input line 4688.
\c@Hy@tempcnt=\count90

(/usr/share/texlive/texmf-dist/tex/latex/url/url.sty
\Urlmuskip=\muskip10
Package: url 2013/09/16  ver 3.4  Verb mode for urls, etc.
)
LaTeX Info: Redefining \url on input line 5041.
\XeTeXLinkMargin=\dimen104
\Fld@menulength=\count91
\Field@Width=\dimen105
\Fld@charsize=\dimen106
Package hyperref Info: Hyper figures OFF on input line 6295.
Package hyperref Info: Link nesting OFF on input line 6300.
Package hyperref Info: Hyper index ON on input line 6303.
Package hyperref Info: backreferencing OFF on input line 6310.
Package hyperref Info: Link coloring OFF on input line 6315.
Package hyperref Info: Link coloring with OCG OFF on input line 6320.
Package hyperref Info: PDF/A mode OFF on input line 6325.
LaTeX Info: Redefining \ref on input line 6365.
LaTeX Info: Redefining \pageref on input line 6369.
\Hy@abspage=\count92
\c@Item=\count93
\c@Hfootnote=\count94
)

Package hyperref Message: Driver (autodetected): hpdftex.

(/usr/share/texlive/texmf-dist/tex/latex/hyperref/hpdftex.def
File: hpdftex.def 2012/11/06 v6.83m Hyperref driver for pdfTeX
\Fld@listcount=\count95
\c@bookmark@seq@number=\count96

(/usr/share/texlive/texmf-dist/tex/latex/oberdiek/rerunfilecheck.sty
Package: rerunfilecheck 2011/04/15 v1.7 Rerun checks for auxiliary files (HO)
Package uniquecounter Info: New unique counter `rerunfilecheck' on input line 2
82.
)
\Hy@SectionHShift=\skip43
)
(/usr/share/texlive/texmf-dist/tex/latex/graphics/graphicx.sty
Package: graphicx 2014/10/28 v1.0g Enhanced LaTeX Graphics (DPC,SPQR)

(/usr/share/texlive/texmf-dist/tex/latex/graphics/graphics.sty
Package: graphics 2016/01/03 v1.0q Standard LaTeX Graphics (DPC,SPQR)

(/usr/share/texlive/texmf-dist/tex/latex/graphics/trig.sty
Package: trig 2016/01/03 v1.10 sin cos tan (DPC)
)
(/usr/share/texlive/texmf-dist/tex/latex/latexconfig/graphics.cfg
File: graphics.cfg 2010/04/23 v1.9 graphics configuration of TeX Live
)
Package graphics Info: Driver file: pdftex.def on input line 95.

(/usr/share/texlive/texmf-dist/tex/latex/pdftex-def/pdftex.def
File: pdftex.def 2011/05/27 v0.06d Graphics/color for pdfTeX
\Gread@gobject=\count97
))
\Gin@req@height=\dimen107
\Gin@req@width=\dimen108
)
(/usr/share/texlive/texmf-dist/tex/latex/listings/listings.sty
\lst@mode=\count98
\lst@gtempboxa=\box26
\lst@token=\toks17
\lst@length=\count99
\lst@currlwidth=\dimen109
\lst@column=\count100
\lst@pos=\count101
\lst@lostspace=\dimen110
\lst@width=\dimen111
\lst@newlines=\count102
\lst@lineno=\count103
\lst@maxwidth=\dimen112

(/usr/share/texlive/texmf-dist/tex/latex/listings/lstmisc.sty
File: lstmisc.sty 2015/06/04 1.6 (Carsten Heinz)
\c@lstnumber=\count104
\lst@skipnumbers=\count105
\lst@framebox=\box27
)
(/usr/share/texlive/texmf-dist/tex/latex/listings/listings.cfg
File: listings.cfg 2015/06/04 1.6 listings configuration
))
Package: listings 2015/06/04 1.6 (Carsten Heinz)

(/usr/share/texlive/texmf-dist/tex/latex/amsfonts/amssymb.sty
Package: amssymb 2013/01/14 v3.01 AMS font symbols

(/usr/share/texlive/texmf-dist/tex/latex/amsfonts/amsfonts.sty
Package: amsfonts 2013/01/14 v3.01 Basic AMSFonts support
\@emptytoks=\toks18
\symAMSa=\mathgroup4
\symAMSb=\mathgroup5
LaTeX Font Info:    Overwriting math alphabet `\mathfrak' in version `bold'
(Font)                  U/euf/m/n --> U/euf/b/n on input line 106.
))
(/usr/share/texlive/texmf-dist/tex/latex/todonotes/todonotes.sty
Package: todonotes 2015/07/09 .dtx Todonotes source and documentation.
Package: todonotes 2012/07/25

(/usr/share/texlive/texmf-dist/tex/latex/base/ifthen.sty
Package: ifthen 2014/09/29 v1.1c Standard LaTeX ifthen package (DPC)
)
(/usr/share/texlive/texmf-dist/tex/latex/xkeyval/xkeyval.sty
Package: xkeyval 2014/12/03 v2.7a package option processing (HA)

(/usr/share/texlive/texmf-dist/tex/generic/xkeyval/xkeyval.tex
(/usr/share/texlive/texmf-dist/tex/generic/xkeyval/xkvutils.tex
\XKV@toks=\toks19
\XKV@tempa@toks=\toks20
)
\XKV@depth=\count106
File: xkeyval.tex 2014/12/03 v2.7a key=value parser (HA)
))
(/usr/share/texlive/texmf-dist/tex/latex/xcolor/xcolor.sty
Package: xcolor 2007/01/21 v2.11 LaTeX color extensions (UK)

(/usr/share/texlive/texmf-dist/tex/latex/latexconfig/color.cfg
File: color.cfg 2007/01/18 v1.5 color configuration of teTeX/TeXLive
)
Package xcolor Info: Driver file: pdftex.def on input line 225.
Package xcolor Info: Model `cmy' substituted by `cmy0' on input line 1337.
Package xcolor Info: Model `hsb' substituted by `rgb' on input line 1341.
Package xcolor Info: Model `RGB' extended on input line 1353.
Package xcolor Info: Model `HTML' substituted by `rgb' on input line 1355.
Package xcolor Info: Model `Hsb' substituted by `hsb' on input line 1356.
Package xcolor Info: Model `tHsb' substituted by `hsb' on input line 1357.
Package xcolor Info: Model `HSB' substituted by `hsb' on input line 1358.
Package xcolor Info: Model `Gray' substituted by `gray' on input line 1359.
Package xcolor Info: Model `wave' substituted by `hsb' on input line 1360.
)
(/usr/share/texlive/texmf-dist/tex/latex/pgf/frontendlayer/tikz.sty
(/usr/share/texlive/texmf-dist/tex/latex/pgf/basiclayer/pgf.sty
(/usr/share/texlive/texmf-dist/tex/latex/pgf/utilities/pgfrcs.sty
(/usr/share/texlive/texmf-dist/tex/generic/pgf/utilities/pgfutil-common.tex
\pgfutil@everybye=\toks21
\pgfutil@tempdima=\dimen113
\pgfutil@tempdimb=\dimen114

(/usr/share/texlive/texmf-dist/tex/generic/pgf/utilities/pgfutil-common-lists.t
ex)) (/usr/share/texlive/texmf-dist/tex/generic/pgf/utilities/pgfutil-latex.def
\pgfutil@abb=\box28
(/usr/share/texlive/texmf-dist/tex/latex/ms/everyshi.sty
Package: everyshi 2001/05/15 v3.00 EveryShipout Package (MS)
))
(/usr/share/texlive/texmf-dist/tex/generic/pgf/utilities/pgfrcs.code.tex
Package: pgfrcs 2015/08/07 v3.0.1a (rcs-revision 1.31)
))
Package: pgf 2015/08/07 v3.0.1a (rcs-revision 1.15)

(/usr/share/texlive/texmf-dist/tex/latex/pgf/basiclayer/pgfcore.sty
(/usr/share/texlive/texmf-dist/tex/latex/pgf/systemlayer/pgfsys.sty
(/usr/share/texlive/texmf-dist/tex/generic/pgf/systemlayer/pgfsys.code.tex
Package: pgfsys 2014/07/09 v3.0.1a (rcs-revision 1.48)

(/usr/share/texlive/texmf-dist/tex/generic/pgf/utilities/pgfkeys.code.tex
\pgfkeys@pathtoks=\toks22
\pgfkeys@temptoks=\toks23

(/usr/share/texlive/texmf-dist/tex/generic/pgf/utilities/pgfkeysfiltered.code.t
ex
\pgfkeys@tmptoks=\toks24
))
\pgf@x=\dimen115
\pgf@y=\dimen116
\pgf@xa=\dimen117
\pgf@ya=\dimen118
\pgf@xb=\dimen119
\pgf@yb=\dimen120
\pgf@xc=\dimen121
\pgf@yc=\dimen122
\w@pgf@writea=\write3
\r@pgf@reada=\read1
\c@pgf@counta=\count107
\c@pgf@countb=\count108
\c@pgf@countc=\count109
\c@pgf@countd=\count110
\t@pgf@toka=\toks25
\t@pgf@tokb=\toks26
\t@pgf@tokc=\toks27
 (/usr/share/texlive/texmf-dist/tex/generic/pgf/systemlayer/pgf.cfg
File: pgf.cfg 2008/05/14  (rcs-revision 1.7)
)
Driver file for pgf: pgfsys-pdftex.def

(/usr/share/texlive/texmf-dist/tex/generic/pgf/systemlayer/pgfsys-pdftex.def
File: pgfsys-pdftex.def 2014/10/11  (rcs-revision 1.35)

(/usr/share/texlive/texmf-dist/tex/generic/pgf/systemlayer/pgfsys-common-pdf.de
f
File: pgfsys-common-pdf.def 2013/10/10  (rcs-revision 1.13)
)))
(/usr/share/texlive/texmf-dist/tex/generic/pgf/systemlayer/pgfsyssoftpath.code.
tex
File: pgfsyssoftpath.code.tex 2013/09/09  (rcs-revision 1.9)
\pgfsyssoftpath@smallbuffer@items=\count111
\pgfsyssoftpath@bigbuffer@items=\count112
)
(/usr/share/texlive/texmf-dist/tex/generic/pgf/systemlayer/pgfsysprotocol.code.
tex
File: pgfsysprotocol.code.tex 2006/10/16  (rcs-revision 1.4)
))
(/usr/share/texlive/texmf-dist/tex/generic/pgf/basiclayer/pgfcore.code.tex
Package: pgfcore 2010/04/11 v3.0.1a (rcs-revision 1.7)

(/usr/share/texlive/texmf-dist/tex/generic/pgf/math/pgfmath.code.tex
(/usr/share/texlive/texmf-dist/tex/generic/pgf/math/pgfmathcalc.code.tex
(/usr/share/texlive/texmf-dist/tex/generic/pgf/math/pgfmathutil.code.tex)
(/usr/share/texlive/texmf-dist/tex/generic/pgf/math/pgfmathparser.code.tex
\pgfmath@dimen=\dimen123
\pgfmath@count=\count113
\pgfmath@box=\box29
\pgfmath@toks=\toks28
\pgfmath@stack@operand=\toks29
\pgfmath@stack@operation=\toks30
)
(/usr/share/texlive/texmf-dist/tex/generic/pgf/math/pgfmathfunctions.code.tex
(/usr/share/texlive/texmf-dist/tex/generic/pgf/math/pgfmathfunctions.basic.code
.tex)
(/usr/share/texlive/texmf-dist/tex/generic/pgf/math/pgfmathfunctions.trigonomet
ric.code.tex)
(/usr/share/texlive/texmf-dist/tex/generic/pgf/math/pgfmathfunctions.random.cod
e.tex)
(/usr/share/texlive/texmf-dist/tex/generic/pgf/math/pgfmathfunctions.comparison
.code.tex)
(/usr/share/texlive/texmf-dist/tex/generic/pgf/math/pgfmathfunctions.base.code.
tex)
(/usr/share/texlive/texmf-dist/tex/generic/pgf/math/pgfmathfunctions.round.code
.tex)
(/usr/share/texlive/texmf-dist/tex/generic/pgf/math/pgfmathfunctions.misc.code.
tex)
(/usr/share/texlive/texmf-dist/tex/generic/pgf/math/pgfmathfunctions.integerari
thmetics.code.tex)))
(/usr/share/texlive/texmf-dist/tex/generic/pgf/math/pgfmathfloat.code.tex
\c@pgfmathroundto@lastzeros=\count114
))
(/usr/share/texlive/texmf-dist/tex/generic/pgf/basiclayer/pgfcorepoints.code.te
x
File: pgfcorepoints.code.tex 2013/10/07  (rcs-revision 1.27)
\pgf@picminx=\dimen124
\pgf@picmaxx=\dimen125
\pgf@picminy=\dimen126
\pgf@picmaxy=\dimen127
\pgf@pathminx=\dimen128
\pgf@pathmaxx=\dimen129
\pgf@pathminy=\dimen130
\pgf@pathmaxy=\dimen131
\pgf@xx=\dimen132
\pgf@xy=\dimen133
\pgf@yx=\dimen134
\pgf@yy=\dimen135
\pgf@zx=\dimen136
\pgf@zy=\dimen137
)
(/usr/share/texlive/texmf-dist/tex/generic/pgf/basiclayer/pgfcorepathconstruct.
code.tex
File: pgfcorepathconstruct.code.tex 2013/10/07  (rcs-revision 1.29)
\pgf@path@lastx=\dimen138
\pgf@path@lasty=\dimen139
)
(/usr/share/texlive/texmf-dist/tex/generic/pgf/basiclayer/pgfcorepathusage.code
.tex
File: pgfcorepathusage.code.tex 2014/11/02  (rcs-revision 1.24)
\pgf@shorten@end@additional=\dimen140
\pgf@shorten@start@additional=\dimen141
)
(/usr/share/texlive/texmf-dist/tex/generic/pgf/basiclayer/pgfcorescopes.code.te
x
File: pgfcorescopes.code.tex 2015/05/08  (rcs-revision 1.46)
\pgfpic=\box30
\pgf@hbox=\box31
\pgf@layerbox@main=\box32
\pgf@picture@serial@count=\count115
)
(/usr/share/texlive/texmf-dist/tex/generic/pgf/basiclayer/pgfcoregraphicstate.c
ode.tex
File: pgfcoregraphicstate.code.tex 2014/11/02  (rcs-revision 1.12)
\pgflinewidth=\dimen142
)
(/usr/share/texlive/texmf-dist/tex/generic/pgf/basiclayer/pgfcoretransformation
s.code.tex
File: pgfcoretransformations.code.tex 2015/08/07  (rcs-revision 1.20)
\pgf@pt@x=\dimen143
\pgf@pt@y=\dimen144
\pgf@pt@temp=\dimen145
)
(/usr/share/texlive/texmf-dist/tex/generic/pgf/basiclayer/pgfcorequick.code.tex
File: pgfcorequick.code.tex 2008/10/09  (rcs-revision 1.3)
)
(/usr/share/texlive/texmf-dist/tex/generic/pgf/basiclayer/pgfcoreobjects.code.t
ex
File: pgfcoreobjects.code.tex 2006/10/11  (rcs-revision 1.2)
)
(/usr/share/texlive/texmf-dist/tex/generic/pgf/basiclayer/pgfcorepathprocessing
.code.tex
File: pgfcorepathprocessing.code.tex 2013/09/09  (rcs-revision 1.9)
)
(/usr/share/texlive/texmf-dist/tex/generic/pgf/basiclayer/pgfcorearrows.code.te
x
File: pgfcorearrows.code.tex 2015/05/14  (rcs-revision 1.43)
\pgfarrowsep=\dimen146
)
(/usr/share/texlive/texmf-dist/tex/generic/pgf/basiclayer/pgfcoreshade.code.tex
File: pgfcoreshade.code.tex 2013/07/15  (rcs-revision 1.15)
\pgf@max=\dimen147
\pgf@sys@shading@range@num=\count116
)
(/usr/share/texlive/texmf-dist/tex/generic/pgf/basiclayer/pgfcoreimage.code.tex
File: pgfcoreimage.code.tex 2013/07/15  (rcs-revision 1.18)

(/usr/share/texlive/texmf-dist/tex/generic/pgf/basiclayer/pgfcoreexternal.code.
tex
File: pgfcoreexternal.code.tex 2014/07/09  (rcs-revision 1.21)
\pgfexternal@startupbox=\box33
))
(/usr/share/texlive/texmf-dist/tex/generic/pgf/basiclayer/pgfcorelayers.code.te
x
File: pgfcorelayers.code.tex 2013/07/18  (rcs-revision 1.7)
)
(/usr/share/texlive/texmf-dist/tex/generic/pgf/basiclayer/pgfcoretransparency.c
ode.tex
File: pgfcoretransparency.code.tex 2013/09/30  (rcs-revision 1.5)
)
(/usr/share/texlive/texmf-dist/tex/generic/pgf/basiclayer/pgfcorepatterns.code.
tex
File: pgfcorepatterns.code.tex 2013/11/07  (rcs-revision 1.5)
)))
(/usr/share/texlive/texmf-dist/tex/generic/pgf/modules/pgfmoduleshapes.code.tex
File: pgfmoduleshapes.code.tex 2014/03/21  (rcs-revision 1.35)
\pgfnodeparttextbox=\box34
) (/usr/share/texlive/texmf-dist/tex/generic/pgf/modules/pgfmoduleplot.code.tex
File: pgfmoduleplot.code.tex 2015/08/03  (rcs-revision 1.13)
)
(/usr/share/texlive/texmf-dist/tex/latex/pgf/compatibility/pgfcomp-version-0-65
.sty
Package: pgfcomp-version-0-65 2007/07/03 v3.0.1a (rcs-revision 1.7)
\pgf@nodesepstart=\dimen148
\pgf@nodesepend=\dimen149
)
(/usr/share/texlive/texmf-dist/tex/latex/pgf/compatibility/pgfcomp-version-1-18
.sty
Package: pgfcomp-version-1-18 2007/07/23 v3.0.1a (rcs-revision 1.1)
)) (/usr/share/texlive/texmf-dist/tex/latex/pgf/utilities/pgffor.sty
(/usr/share/texlive/texmf-dist/tex/latex/pgf/utilities/pgfkeys.sty
(/usr/share/texlive/texmf-dist/tex/generic/pgf/utilities/pgfkeys.code.tex))
(/usr/share/texlive/texmf-dist/tex/latex/pgf/math/pgfmath.sty
(/usr/share/texlive/texmf-dist/tex/generic/pgf/math/pgfmath.code.tex))
(/usr/share/texlive/texmf-dist/tex/generic/pgf/utilities/pgffor.code.tex
Package: pgffor 2013/12/13 v3.0.1a (rcs-revision 1.25)

(/usr/share/texlive/texmf-dist/tex/generic/pgf/math/pgfmath.code.tex)
\pgffor@iter=\dimen150
\pgffor@skip=\dimen151
\pgffor@stack=\toks31
\pgffor@toks=\toks32
))
(/usr/share/texlive/texmf-dist/tex/generic/pgf/frontendlayer/tikz/tikz.code.tex
Package: tikz 2015/08/07 v3.0.1a (rcs-revision 1.151)

(/usr/share/texlive/texmf-dist/tex/generic/pgf/libraries/pgflibraryplothandlers
.code.tex
File: pgflibraryplothandlers.code.tex 2013/08/31 v3.0.1a (rcs-revision 1.20)
\pgf@plot@mark@count=\count117
\pgfplotmarksize=\dimen152
)
\tikz@lastx=\dimen153
\tikz@lasty=\dimen154
\tikz@lastxsaved=\dimen155
\tikz@lastysaved=\dimen156
\tikzleveldistance=\dimen157
\tikzsiblingdistance=\dimen158
\tikz@figbox=\box35
\tikz@figbox@bg=\box36
\tikz@tempbox=\box37
\tikz@tempbox@bg=\box38
\tikztreelevel=\count118
\tikznumberofchildren=\count119
\tikznumberofcurrentchild=\count120
\tikz@fig@count=\count121

(/usr/share/texlive/texmf-dist/tex/generic/pgf/modules/pgfmodulematrix.code.tex
File: pgfmodulematrix.code.tex 2013/09/17  (rcs-revision 1.8)
\pgfmatrixcurrentrow=\count122
\pgfmatrixcurrentcolumn=\count123
\pgf@matrix@numberofcolumns=\count124
)
\tikz@expandcount=\count125

(/usr/share/texlive/texmf-dist/tex/generic/pgf/frontendlayer/tikz/libraries/tik
zlibrarytopaths.code.tex
File: tikzlibrarytopaths.code.tex 2008/06/17 v3.0.1a (rcs-revision 1.2)
)))
(/usr/share/texlive/texmf-dist/tex/generic/pgf/frontendlayer/tikz/libraries/tik
zlibrarypositioning.code.tex
File: tikzlibrarypositioning.code.tex 2008/10/06 v3.0.1a (rcs-revision 1.7)
)
(/usr/share/texlive/texmf-dist/tex/latex/tools/calc.sty
Package: calc 2014/10/28 v4.3 Infix arithmetic (KKT,FJ)
\calc@Acount=\count126
\calc@Bcount=\count127
\calc@Adimen=\dimen159
\calc@Bdimen=\dimen160
\calc@Askip=\skip44
\calc@Bskip=\skip45
LaTeX Info: Redefining \setlength on input line 80.
LaTeX Info: Redefining \addtolength on input line 81.
\calc@Ccount=\count128
\calc@Cskip=\skip46
)
\c@@todonotes@numberoftodonotes=\count129
)
(/usr/share/texlive/texmf-dist/tex/latex/apacite/apacite.sty
Package: apacite 2013/07/21 v6.03 APA citation
\c@BibCnt=\count130
\bibleftmargin=\skip47
\bibindent=\skip48
\bibparsep=\skip49
\bibitemsep=\skip50
\biblabelsep=\skip51
)
(/usr/share/texlive/texmf-dist/tex/latex/csquotes/csquotes.sty
Package: csquotes 2016/01/31 v5.1g context-sensitive quotations (JAW)

(/usr/share/texlive/texmf-dist/tex/latex/etoolbox/etoolbox.sty
Package: etoolbox 2015/08/02 v2.2a e-TeX tools for LaTeX (JAW)
\etb@tempcnta=\count131
)
\csq@reset=\count132
\csq@gtype=\count133
\csq@glevel=\count134
\csq@qlevel=\count135
\csq@maxlvl=\count136
\csq@tshold=\count137
\csq@ltx@everypar=\toks33

(/usr/share/texlive/texmf-dist/tex/latex/csquotes/csquotes.def
File: csquotes.def 2016/01/31 v5.1g csquotes generic definitions (JAW)
)
Package csquotes Info: Trying to load configuration file 'csquotes.cfg'...
Package csquotes Info: ... configuration file loaded successfully.

(/usr/share/texlive/texmf-dist/tex/latex/csquotes/csquotes.cfg
File: csquotes.cfg 
))
(/usr/share/texlive/texmf-dist/tex/latex/float/float.sty
Package: float 2001/11/08 v1.3d Float enhancements (AL)
\c@float@type=\count138
\float@exts=\toks34
\float@box=\box39
\@float@everytoks=\toks35
\@floatcapt=\box40
)
(/usr/share/texlive/texmf-dist/tex/latex/amsmath/amsmath.sty
Package: amsmath 2016/03/03 v2.15a AMS math features
\@mathmargin=\skip52

For additional information on amsmath, use the `?' option.
(/usr/share/texlive/texmf-dist/tex/latex/amsmath/amstext.sty
Package: amstext 2000/06/29 v2.01 AMS text

(/usr/share/texlive/texmf-dist/tex/latex/amsmath/amsgen.sty
File: amsgen.sty 1999/11/30 v2.0 generic functions
\@emptytoks=\toks36
\ex@=\dimen161
))
(/usr/share/texlive/texmf-dist/tex/latex/amsmath/amsbsy.sty
Package: amsbsy 1999/11/29 v1.2d Bold Symbols
\pmbraise@=\dimen162
)
(/usr/share/texlive/texmf-dist/tex/latex/amsmath/amsopn.sty
Package: amsopn 1999/12/14 v2.01 operator names
)
\inf@bad=\count139
LaTeX Info: Redefining \frac on input line 199.
\uproot@=\count140
\leftroot@=\count141
LaTeX Info: Redefining \overline on input line 297.
\classnum@=\count142
\DOTSCASE@=\count143
LaTeX Info: Redefining \ldots on input line 394.
LaTeX Info: Redefining \dots on input line 397.
LaTeX Info: Redefining \cdots on input line 518.
\Mathstrutbox@=\box41
\strutbox@=\box42
\big@size=\dimen163
LaTeX Font Info:    Redeclaring font encoding OML on input line 630.
LaTeX Font Info:    Redeclaring font encoding OMS on input line 631.
\macc@depth=\count144
\c@MaxMatrixCols=\count145
\dotsspace@=\muskip11
\c@parentequation=\count146
\dspbrk@lvl=\count147
\tag@help=\toks37
\row@=\count148
\column@=\count149
\maxfields@=\count150
\andhelp@=\toks38
\eqnshift@=\dimen164
\alignsep@=\dimen165
\tagshift@=\dimen166
\tagwidth@=\dimen167
\totwidth@=\dimen168
\lineht@=\dimen169
\@envbody=\toks39
\multlinegap=\skip53
\multlinetaggap=\skip54
\mathdisplay@stack=\toks40
LaTeX Info: Redefining \[ on input line 2735.
LaTeX Info: Redefining \] on input line 2736.
)
Package csquotes Info: Checking for multilingual support...
Package csquotes Info: ... none found.

(./researchPaper.aux

LaTeX Warning: Label `my-label' multiply defined.


LaTeX Warning: Label `my-label' multiply defined.


LaTeX Warning: Label `my-label' multiply defined.


LaTeX Warning: Label `my-label' multiply defined.


LaTeX Warning: Label `my-label' multiply defined.

)
\openout1 = `researchPaper.aux'.

LaTeX Font Info:    Checking defaults for OML/cmm/m/it on input line 37.
LaTeX Font Info:    ... okay on input line 37.
LaTeX Font Info:    Checking defaults for T1/cmr/m/n on input line 37.
LaTeX Font Info:    ... okay on input line 37.
LaTeX Font Info:    Checking defaults for OT1/cmr/m/n on input line 37.
LaTeX Font Info:    ... okay on input line 37.
LaTeX Font Info:    Checking defaults for OMS/cmsy/m/n on input line 37.
LaTeX Font Info:    ... okay on input line 37.
LaTeX Font Info:    Checking defaults for OMX/cmex/m/n on input line 37.
LaTeX Font Info:    ... okay on input line 37.
LaTeX Font Info:    Checking defaults for U/cmr/m/n on input line 37.
LaTeX Font Info:    ... okay on input line 37.
LaTeX Font Info:    Checking defaults for PD1/pdf/m/n on input line 37.
LaTeX Font Info:    ... okay on input line 37.
\AtBeginShipoutBox=\box43
Package hyperref Info: Link coloring OFF on input line 37.
 (/usr/share/texlive/texmf-dist/tex/latex/hyperref/nameref.sty
Package: nameref 2012/10/27 v2.43 Cross-referencing by name of section

(/usr/share/texlive/texmf-dist/tex/generic/oberdiek/gettitlestring.sty
Package: gettitlestring 2010/12/03 v1.4 Cleanup title references (HO)
)
\c@section@level=\count151
)
LaTeX Info: Redefining \ref on input line 37.
LaTeX Info: Redefining \pageref on input line 37.
LaTeX Info: Redefining \nameref on input line 37.

(./researchPaper.out) (./researchPaper.out)
\@outlinefile=\write4
\openout4 = `researchPaper.out'.


(/usr/share/texlive/texmf-dist/tex/context/base/supp-pdf.mkii
[Loading MPS to PDF converter (version 2006.09.02).]
\scratchcounter=\count152
\scratchdimen=\dimen170
\scratchbox=\box44
\nofMPsegments=\count153
\nofMParguments=\count154
\everyMPshowfont=\toks41
\MPscratchCnt=\count155
\MPscratchDim=\dimen171
\MPnumerator=\count156
\makeMPintoPDFobject=\count157
\everyMPtoPDFconversion=\toks42
) (/usr/share/texlive/texmf-dist/tex/latex/oberdiek/epstopdf-base.sty
Package: epstopdf-base 2010/02/09 v2.5 Base part for package epstopdf

(/usr/share/texlive/texmf-dist/tex/latex/oberdiek/grfext.sty
Package: grfext 2010/08/19 v1.1 Manage graphics extensions (HO)
)
Package grfext Info: Graphics extension search list:
(grfext)             [.png,.pdf,.jpg,.mps,.jpeg,.jbig2,.jb2,.PNG,.PDF,.JPG,.JPE
G,.JBIG2,.JB2,.eps]
(grfext)             \AppendGraphicsExtensions on input line 452.

(/usr/share/texlive/texmf-dist/tex/latex/latexconfig/epstopdf-sys.cfg
File: epstopdf-sys.cfg 2010/07/13 v1.3 Configuration of (r)epstopdf for TeX Liv
e
))
\c@lstlisting=\count158

ABD: EveryShipout initializing macros
\c@maskedRefs=\count159

(/usr/share/texlive/texmf-dist/tex/latex/apacite/english.apc
File: english.apc 2013/07/21 v6.03 apacite language file
LaTeX Info: Redefining \BPBI on input line 129.
LaTeX Info: Redefining \BHBI on input line 130.
)
LaTeX Font Info:    Try loading font information for U+msa on input line 58.

(/usr/share/texlive/texmf-dist/tex/latex/amsfonts/umsa.fd
File: umsa.fd 2013/01/14 v3.01 AMS symbols A
)
LaTeX Font Info:    Try loading font information for U+msb on input line 58.

(/usr/share/texlive/texmf-dist/tex/latex/amsfonts/umsb.fd
File: umsb.fd 2013/01/14 v3.01 AMS symbols B
) [1

{/var/lib/texmf/fonts/map/pdftex/updmap/pdftex.map}] [2]
Package hyperref Info: bookmark level for unknown todo defaults to 0 on input l
ine 66.
 [1] [2] (./researchPaper.toc [3])
\tf@toc=\write5
\openout5 = `researchPaper.toc'.


[4] (./researchPaper.lof)
\tf@lof=\write6
\openout6 = `researchPaper.lof'.

 [5] (./researchPaper.lot)
\tf@lot=\write7
\openout7 = `researchPaper.lot'.

 [6] (./researchPaper.lol)
\tf@lol=\write8
\openout8 = `researchPaper.lol'.


[7] (./researchPaper.tdo [8])
\tf@tdo=\write9
\openout9 = `researchPaper.tdo'.

 [9]

LaTeX Warning: Marginpar on page 1 moved.

LaTeX Font Info:    Try loading font information for OMS+cmr on input line 100.

(/usr/share/texlive/texmf-dist/tex/latex/base/omscmr.fd
File: omscmr.fd 2014/09/29 v2.5h Standard LaTeX font definitions
)
LaTeX Font Info:    Font shape `OMS/cmr/m/n' in size <10> not available
(Font)              Font shape `OMS/cmsy/m/n' tried instead on input line 100.

Overfull \hbox (28.05423pt too wide) in paragraph at lines 100--101
\OT1/cmr/m/n/10 for high-performance cloud net-works []$\OT1/cmtt/m/n/10 http :
// ieeexplore [] .ieee [] .org / document /
 []


Overfull \hbox (10.19304pt too wide) in paragraph at lines 101--102
\OT1/cmr/m/n/10 the Ama-zon Web Ser-vices Cloud []$\OT1/cmtt/m/n/10 http :// ie
eexplore [] .ieee [] .org / abstract /
 []

<graphics/cloudComputingOverview.pdf, id=481, 552.0625pt x 491.8375pt>
File: graphics/cloudComputingOverview.pdf Graphic file (type pdf)

<use graphics/cloudComputingOverview.pdf>
Package pdftex.def Info: graphics/cloudComputingOverview.pdf used on input line
 119.
(pdftex.def)             Requested size: 345.0pt x 307.37515pt.

Overfull \hbox (17.2228pt too wide) in paragraph at lines 122--124
[]\OT1/cmr/m/n/10 Im Fol-gen-den wer-den die eben kurz angeschnit-te-nen Eigen-
schaften von Cloudsys-
 []

pdfTeX warning (ext4): destination with the same identifier (name{page.1}) has 
been already used, duplicate ignored
<to be read again> 
                   \relax 
l.147  \item B
              road network access [1]pdfTeX warning (ext4): destination with th
e same identifier (name{page.2}) has been already used, duplicate ignored
<to be read again> 
                   \relax 
l.147  \item B
              road network access [2pdfTeX warning (ext4): destination with the
 same identifier (name{figure.1.1}) has been already used, duplicate ignored

\AtBegShi@Output ...ipout \box \AtBeginShipoutBox 
                                                  \fi \fi 
l.147  \item B
              road network access <./graphics/cloudComputingOverview.pdf>]
Overfull \hbox (13.45406pt too wide) in paragraph at lines 154--156
 []\OT1/cmr/bx/n/10 On-demand self-service[] \OT1/cmr/m/n/10 `Pro-vi-sion-ing` 
und `de-comis-sion-ing` als Ak-tivit^^?aten
 []


Overfull \hbox (26.07191pt too wide) in paragraph at lines 157--159
 []\OT1/cmr/bx/n/10 Broad net-work ac-cess[] \OT1/cmr/m/n/10 Ein starkes Net-zw
-erk [][][]ist es-sen-tiell um eine Verbesserung
 []


Overfull \hbox (0.88612pt too wide) in paragraph at lines 172--172
 []\OT1/cmr/bx/n/10 IDEAL cloud-native ap-pli-ca-tions [Cloud-com-put-ing-Pat-t
erns chap. 1.2][] 
 []


Overfull \hbox (23.05614pt too wide) in paragraph at lines 181--185
\OT1/cmr/m/n/10 aufeinan-der fol-gende In-ter-ak-tio-nen eines Nutzers be-liebi
g auf ver-schiedene Ressourcen
 []


Overfull \hbox (8.17516pt too wide) in paragraph at lines 186--189
 []\OT1/cmr/bx/n/10 Distribution[] \OT1/cmr/m/n/10 Cloudsys-teme k^^?onnen auf 
viele ver-schiedene Stan-dorte verteilt
 []

[3]
Overfull \hbox (5.72266pt too wide) in paragraph at lines 190--195
\OT1/cmr/m/n/10 nicht nur die `Verbesserung` einer Ressource eine bessere per-f
or-mance erm^^?oglichen
 []


Overfull \hbox (13.29305pt too wide) in paragraph at lines 200--203
 []\OT1/cmr/bx/n/10 Loose cou-pling[] \OT1/cmr/m/n/10 Da sich die verf^^?ugbare
n Ressourcen der An-wen-dung w^^?ahrend
 []


Overfull \hbox (7.25075pt too wide) in paragraph at lines 200--203
\OT1/cmr/m/n/10 der Laufzeit ^^?andern k^^?onnen soll-ten Kom-po-nen-ten m^^?og
lichst un-abh^^?angig voneinan-
 []

[4]
Overfull \hbox (15.01479pt too wide) in paragraph at lines 243--243
\OT1/cmr/m/n/5 'Gegen^^?uberstellungen 
 []


Overfull \hbox (15.01479pt too wide) in paragraph at lines 243--243
\OT1/cmr/m/n/5 'Gegen^^?uberstellungen 
 []


Overfull \hbox (15.01479pt too wide) in paragraph at lines 243--243
\OT1/cmr/m/n/5 'Gegen^^?uberstellungen 
 []


Overfull \hbox (15.01479pt too wide) in paragraph at lines 243--243
\OT1/cmr/m/n/5 'Gegen^^?uberstellungen 
 []


Overfull \hbox (7.78207pt too wide) in paragraph at lines 249--251
 []\OT1/cmr/bx/n/10 Amazon EC2[] []$\OT1/cmtt/m/n/10 https :// www [] .youtube 
[] .com / watch [] ?v = jLVPqoV4YjU&index =
 []


Overfull \hbox (1.52626pt too wide) in paragraph at lines 267--268
[]\OT1/cmr/m/n/10 a guide to open source cloud []$\OT1/cmtt/m/n/10 http :// www
 [] .tomsitpro [] .com / articles / open []
 []


Overfull \hbox (34.80385pt too wide) in paragraph at lines 268--269
[]\OT1/cmr/m/n/10 5 open source cloud plat-forms []$\OT1/cmtt/m/n/10 http :// s
olutionsreview [] .com / cloud [] -platforms /
 []


Underfull \hbox (badness 10000) in paragraph at lines 273--274

 []


Underfull \hbox (badness 10000) in paragraph at lines 280--283

 []

[5]
Overfull \hbox (30.6098pt too wide) in paragraph at lines 289--293
\OT1/cmr/m/n/10 devstack for get-ting started with open-stack []$\OT1/cmtt/m/n/
10 http :// docs [] .openstack [] .org / developer /
 []


Overfull \hbox (1.41495pt too wide) in paragraph at lines 289--293
\OT1/cmr/m/n/10 install open-stack on ubuntu []$\OT1/cmtt/m/n/10 https :// www 
[] .youtube [] .com / watch [] ?v = jpk4i66 [] -IU4$[] 
 []


Underfull \hbox (badness 10000) in paragraph at lines 289--293

 []


Underfull \hbox (badness 10000) in paragraph at lines 294--295

 []


Underfull \hbox (badness 10000) in paragraph at lines 296--300

 []


Overfull \hbox (30.77573pt too wide) in paragraph at lines 301--302
[]\OT1/cmr/m/n/10 Beispielkonfiguration: []$\OT1/cmtt/m/n/10 https :// www [] .
openstack [] .org / software / sample [] -configs #
 []


Underfull \hbox (badness 10000) in paragraph at lines 312--314

 []

LaTeX Font Info:    Font shape `OT1/cmtt/bx/n' in size <10> not available
(Font)              Font shape `OT1/cmtt/m/n' tried instead on input line 321.

Underfull \hbox (badness 10000) in paragraph at lines 325--326

 []


Overfull \hbox (4.38959pt too wide) in paragraph at lines 329--331
\OT1/cmr/m/n/10 pro-vi-sion re-sources' [http://docs.cloudstack.apache.org/en/l
atest/concepts.html] 
 []

[6]
Overfull \hbox (27.22084pt too wide) in paragraph at lines 339--340
[]\OT1/cmr/m/n/10 BOOK: cloud com-put-ing pat-terns []$\OT1/cmtt/m/n/10 https :
// katalog [] .bibliothek [] .tu [] -chemnitz []
 []


Overfull \hbox (2.66508pt too wide) in paragraph at lines 340--341
[]\OT1/cmr/m/n/10 raspberry pi pri-vate cloud []$\OT1/cmtt/m/n/10 https :// sc5
 [] .io / posts / a [] -private [] -raspberry []
 []


Overfull \hbox (7.49915pt too wide) in paragraph at lines 347--351
\OT1/cmtt/m/n/10 .com / watch [] ?v = Z9NjA [] []f2VZw$[] []$https :// www [] .
youtube [] .com / watch [] ?v = []-D4GDdxJrpg$[] 
 []


Overfull \hbox (1.75069pt too wide) in paragraph at lines 354--361
\OT1/cmr/m/n/10 rith-mus je-doch un-abh^^?angige Berech-nun-gen geben kann eine
 par-al-lele Ausf^^?uhrung
 []


Overfull \hbox (6.01917pt too wide) in paragraph at lines 354--361
\OT1/cmr/m/n/10 wer-den im-mer-noch auf einem einzel-nen Com-puter aus-gef^^?uh
rt. An der Ausf^^?uhrung
 []

[7]
Underfull \hbox (badness 4048) in paragraph at lines 420--420
[][][]\OT1/cmr/m/n/8 MPICH: []$\OT1/cmtt/m/n/8 http :// www [] .mpich [] .org$[
]\OT1/cmr/m/n/8 , LAM/MPI: []$\OT1/cmtt/m/n/8 http :// www [] .lam [] -mpi [] .
org$[]\OT1/cmr/m/n/8 , Open-MPI:
 []


Overfull \hbox (28.08284pt too wide) in paragraph at lines 429--431
\OT1/cmr/m/n/10 HYPRE ist eine freie Soft-ware die vom Cen-ter for Ap-plied Sci
-en-tific Computing[][]CASC[],
 []

[8]
Overfull \hbox (11.11165pt too wide) in paragraph at lines 461--474
\OT1/cmr/m/n/10 Leis-tung zu er-hal-ten muss die Soft-ware eine entsprechende S
kalierung un-terst^^?utzen.
 []

[9]
Overfull \hbox (1.27087pt too wide) in paragraph at lines 482--491
[]\OT1/cmr/m/n/10 Eine par-al-lele Im-ple-men-tierung davon ist \OT1/cmr/bx/n/1
0 Boomer-AMG\OT1/cmr/m/n/10 . Dieser wurde bere-
 []


Overfull \hbox (5.77127pt too wide) in paragraph at lines 511--513
 []\OT1/cmr/bx/n/10 Installation[] \OT1/cmr/m/n/10 Um HYPRE zu in-stal-lieren s
ind einige Abh^^?angigkeiten zu erf^^?ullen.
 []

Package hyperref Info: bookmark level for unknown lstlisting defaults to 0 on i
nput line 513.

! Package inputenc Error: Unicode char √\expandafter (U+4F1)
(inputenc)                not set up for use with LaTeX.

See the inputenc package documentation for explanation.
Type  H <return>  for immediate help.
 ...                                              
                                                  
l.524 //gefolgt von einem `make` ausgef√ºhrt 
                                             werden.
Your command was ignored.
Type  I <command> <return>  to replace it with another command,
or  <return>  to continue without it.


! Package inputenc Error: Keyboard character used is undefined
(inputenc)                in inputencoding `utf8'.

See the inputenc package documentation for explanation.
Type  H <return>  for immediate help.
 ...                                              
                                                  
l.524 //gefolgt von einem `make` ausgef√ºhrt 
                                             werden.
You need to provide a definition with \DeclareInputText 
or \DeclareInputMath before using this key.

[10]

! Package inputenc Error: Unicode char ¬≤ (U+B2)
(inputenc)                not set up for use with LaTeX.

See the inputenc package documentation for explanation.
Type  H <return>  for immediate help.
 ...                                              
                                                  
l.571 ...zahl der Unbekannten betr√§gt daher N=n¬≤
                                                  .
Your command was ignored.
Type  I <command> <return>  to replace it with another command,
or  <return>  to continue without it.

[11] [12] [13]
Overfull \hbox (21.71967pt too wide) in paragraph at lines 709--710
[]\OT1/cmr/m/n/10 offiziell: []$\OT1/cmtt/m/n/10 http :// computation [] .llnl 
[] .gov / projects / hypre [] -scalable [] -linear []
 []


Overfull \hbox (11.5539pt too wide) in paragraph at lines 710--711
[][]\OT1/cmr/m/n/10 Ubersicht Pub-lika-tio-nen: []$\OT1/cmtt/m/n/10 http :// co
mputation [] .llnl [] .gov / projects / hypre []
 []


Overfull \hbox (1.91628pt too wide) in paragraph at lines 711--712
[]\OT1/cmr/m/n/10 Pursuing scal-a-bil-ity for hypre's con-cep-tual in-ter-faces
 []$\OT1/cmtt/m/n/10 http :// dl [] .acm [] .org /
 []


Overfull \hbox (3.47017pt too wide) in paragraph at lines 712--713
[]\OT1/cmr/m/n/10 (mehr) beispiele []$\OT1/cmtt/m/n/10 https :// redmine [] .sc
orec [] .rpi [] .edu / anonsvn / fastmath /
 []


Overfull \hbox (43.06108pt too wide) in paragraph at lines 715--715
[]\OT1/cmr/bx/n/12 Webtechnologien und Werkzeuge f^^?ur die verteilte Ausf^^?uh
rung 
 []


Overfull \hbox (0.6672pt too wide) in paragraph at lines 719--729
\OT1/cmr/m/n/10 ter-prozesskom-mu-nika-tion, bei der ver-schiedene Prozesse ein
es Sys-tems miteinan-
 []

[14] [15]
Overfull \hbox (5.97102pt too wide) in paragraph at lines 764--765
[]\OT1/cmr/m/n/10 understanding rest and rpc for http []$\OT1/cmtt/m/n/10 https
 :// www [] .smashingmagazine [] .com /
 []


LaTeX Warning: Marginpar on page 16 moved.


Overfull \hbox (26.28836pt too wide) in paragraph at lines 784--785
 []\OT1/cmr/bx/n/10 xml-rpc[] \OT1/cmr/m/n/10 XML-RPC Bib-lio-thek f^^?ur C und
 C++ []$\OT1/cmtt/m/n/10 http :// xmlrpc [] -c [] .sourceforge []
 []


Underfull \hbox (badness 10000) in paragraph at lines 786--787

 []

[16]
Overfull \hbox (46.41402pt too wide) in paragraph at lines 816--817
[]\OT1/cmr/m/n/10 rpc client?: []$\OT1/cmtt/m/n/10 https :// groups [] .google 
[] .com / forum / # [] !topic / json [] -rpc / 9O1dbQehU04$[] 
 []

[17]

LaTeX Warning: Marginpar on page 18 moved.


Overfull \hbox (5.31123pt too wide) in paragraph at lines 889--893
 []\OT1/cmr/bx/n/10 Mercury[] \OT1/cmr/m/n/10 Home-page: []$\OT1/cmtt/m/n/10 ht
tps :// mercury [] -hpc [] .github [] .io /$[] \OT1/cmr/m/n/10 Doku-men-ta-tion
:
 []


Overfull \hbox (20.1634pt too wide) in paragraph at lines 889--893
[]$\OT1/cmtt/m/n/10 http :// mercury [] -hpc [] .github [] .io / documentation 
/$[] \OT1/cmr/m/n/10 High-level RPC Layer: []$\OT1/cmtt/m/n/10 http ://
 []


Overfull \hbox (12.49751pt too wide) in paragraph at lines 889--893
\OT1/cmtt/m/n/10 mercury [] -hpc [] .github [] .io / documentation / #high [] -
level [] -rpc [] -layer$[] \OT1/cmr/m/n/10 Mailing-List:
 []


Overfull \hbox (26.31386pt too wide) in paragraph at lines 900--901
 []\OT1/cmr/bx/n/10 Trios/Nessie[] []$\OT1/cmtt/m/n/10 https :// software [] .s
andia [] .gov / trac / nessie / wiki / WikiStart$[] 
 []


Overfull \hbox (29.34789pt too wide) in paragraph at lines 904--905
 []\OT1/cmr/bx/n/10 Portals[] []$\OT1/cmtt/m/n/10 https :// www [] .researchgat
e [] .net / publication / 221201996 [] []Efficient []
 []


Overfull \hbox (1.60843pt too wide) in paragraph at lines 908--910
 []\OT1/cmr/bx/n/10 DART[] []$\OT1/cmtt/m/n/10 http :// coewww [] .rutgers [] .
edu / www4 / cacweb / TASSL / Papers / dart []
 []


Overfull \hbox (39.4443pt too wide) in paragraph at lines 917--919
 []\OT1/cmr/bx/n/10 ressourcen[] []$\OT1/cmtt/m/n/10 https :// docs [] .python 
[] .org / 2 [] .5 / ext / callingPython [] .html$[] []$https ://
 []

[18]
Overfull \hbox (2.96933pt too wide) in paragraph at lines 922--924
[][]$\OT1/cmtt/m/n/10 http :// www [] .linuxjournal [] .com / article / 8497$[]
 []$https :// www [] .codeproject []
 []


Overfull \hbox (6.74693pt too wide) in paragraph at lines 922--924
\OT1/cmtt/m/n/10 .com / articles / 820116 / embedding [] -python [] -program []
 -in [] -a [] -c [] -cplusplus [] -code$[] 
 []

LaTeX Font Info:    Try loading font information for OML+cmr on input line 930.

(/usr/share/texlive/texmf-dist/tex/latex/base/omlcmr.fd
File: omlcmr.fd 2014/09/29 v2.5h Standard LaTeX font definitions
)
LaTeX Font Info:    Font shape `OML/cmr/m/n' in size <10> not available
(Font)              Font shape `OML/cmm/m/it' tried instead on input line 930.

Overfull \hbox (1.16698pt too wide) in paragraph at lines 951--952
 []\OT1/cmr/bx/n/10 spring-server frame-work[] []$\OT1/cmtt/m/n/10 https :// gi
thub [] .com / bartobri / spring [] -server$[] 
 []


Overfull \hbox (6.74693pt too wide) in paragraph at lines 959--960
[]$\OT1/cmtt/m/n/10 https :// www [] .quora [] .com / Is [] -there [] -a [] -C 
[] -struct [] -to [] -JSON [] -generator [] -library$[] 
 []


Overfull \hbox (3.13689pt too wide) in paragraph at lines 967--972
[][]$\OT1/cmtt/m/n/10 https :// developers [] .google [] .com / protocol [] -bu
ffers /$[] \OT1/cmr/m/n/10 Pro-to-col buffers are
 []


Overfull \hbox (9.4893pt too wide) in paragraph at lines 967--972
\OT1/cmr/m/n/10 tured data. Im-ple-men-tierung f^^?ur C: []$\OT1/cmtt/m/n/10 ht
tps :// github [] .com / protobuf [] -c / protobuf []
 []


Overfull \hbox (38.45544pt too wide) in paragraph at lines 984--986
 []\OT1/cmr/bx/n/10 OpenStack Pro-jekte[] [][]$\OT1/cmtt/m/n/10 https :// www [
] .openstack [] .org / software / project [] -navigator$[] 
 []

[19]
Overfull \hbox (28.18112pt too wide) in paragraph at lines 1000--1009
[]\OT1/cmr/m/n/10 In der Grund-struk-tur ver-schiedener Cloudsys-teme gibt es s
tarke []Uberschneidungen.
 []


Overfull \hbox (1.49698pt too wide) in paragraph at lines 1010--1015
[]$\OT1/cmtt/m/n/10 http :// ronaldbradford [] .com / blog / setting [] -up [] 
-ubuntu [] -on [] -virtualbox [] -for []
 []


Overfull \hbox (6.74693pt too wide) in paragraph at lines 1010--1015
[]$\OT1/cmtt/m/n/10 http :// ronaldbradford [] .com / blog / setting [] -up [] 
-ubuntu [] -using [] -vagrant [] -2016 []
 []


Overfull \hbox (1.49698pt too wide) in paragraph at lines 1010--1015
[]$\OT1/cmtt/m/n/10 http :// ronaldbradford [] .com / blog / downloading [] -an
d [] -installing [] -devstack []
 []


Underfull \hbox (badness 10000) in paragraph at lines 1010--1015

 []

<graphics/devstack/01_Overview.png, id=940, 1445.4pt x 813.0375pt>
File: graphics/devstack/01_Overview.png Graphic file (type png)

<use graphics/devstack/01_Overview.png>
Package pdftex.def Info: graphics/devstack/01_Overview.png used on input line 1
036.
(pdftex.def)             Requested size: 345.0pt x 160.09853pt.

Underfull \hbox (badness 10000) in paragraph at lines 1046--1047
[]$\OT1/cmtt/m/n/10 https :// www [] .mirantis [] .com / openstack [] -portal /
 express [] -openstack []
 []


Overfull \hbox (15.0pt too wide) in paragraph at lines 1039--1051
[]$[]$ 
 []

[20] [21pdfTeX warning (ext4): destination with the same identifier (name{figur
e.2.1}) has been already used, duplicate ignored

\AtBegShi@Output ...ipout \box \AtBeginShipoutBox 
                                                  \fi \fi 
l.1059 
        <./graphics/devstack/01_Overview.png (PNG copy)>]
<graphics/devstack/11_LaunchInstanceAlternative.png, id=971, 1445.4pt x 813.037
5pt>
File: graphics/devstack/11_LaunchInstanceAlternative.png Graphic file (type png
)
 <use graphics/devstack/11_LaunchInstanceAlternative.png>
Package pdftex.def Info: graphics/devstack/11_LaunchInstanceAlternative.png use
d on input line 1064.
(pdftex.def)             Requested size: 345.0pt x 78.60617pt.

<graphics/devstack/05_InstancesEmpty.png, id=973, 1445.4pt x 813.0375pt>
File: graphics/devstack/05_InstancesEmpty.png Graphic file (type png)

<use graphics/devstack/05_InstancesEmpty.png>
Package pdftex.def Info: graphics/devstack/05_InstancesEmpty.png used on input 
line 1071.
(pdftex.def)             Requested size: 345.0pt x 78.60617pt.

<graphics/devstack/06a_LaunchInstance.png, id=975, 1445.4pt x 813.0375pt>
File: graphics/devstack/06a_LaunchInstance.png Graphic file (type png)

<use graphics/devstack/06a_LaunchInstance.png>
Package pdftex.def Info: graphics/devstack/06a_LaunchInstance.png used on input
 line 1078.
(pdftex.def)             Requested size: 345.0pt x 126.14337pt.

<graphics/devstack/14_AddedVolume.png, id=978, 1445.4pt x 813.0375pt>
File: graphics/devstack/14_AddedVolume.png Graphic file (type png)

<use graphics/devstack/14_AddedVolume.png>
Package pdftex.def Info: graphics/devstack/14_AddedVolume.png used on input lin
e 1092.
(pdftex.def)             Requested size: 345.0pt x 78.60617pt.

Overfull \hbox (11.69194pt too wide) in paragraph at lines 1097--1101
[]$\OT1/cmtt/m/n/10 https :// docs [] .openstack [] .org / image [] -guide / ob
tain [] -images [] .html$[] \OT1/cmr/m/n/10 Es kann aber
 []

<graphics/devstack/02_Images.png, id=981, 1445.4pt x 813.0375pt>
File: graphics/devstack/02_Images.png Graphic file (type png)

<use graphics/devstack/02_Images.png>
Package pdftex.def Info: graphics/devstack/02_Images.png used on input line 110
6.
(pdftex.def)             Requested size: 345.0pt x 78.60617pt.
 [22pdfTeX warning (ext4): destination with the same identifier (name{figure.2.
2}) has been already used, duplicate ignored

\AtBegShi@Output ...ipout \box \AtBeginShipoutBox 
                                                  \fi \fi 
l.1115 
       pdfTeX warning (ext4): destination with the same identifier (name{figure
.2.3}) has been already used, duplicate ignored

\AtBegShi@Output ...ipout \box \AtBeginShipoutBox 
                                                  \fi \fi 
l.1115 
       pdfTeX warning (ext4): destination with the same identifier (name{figure
.2.4}) has been already used, duplicate ignored

\AtBegShi@Output ...ipout \box \AtBeginShipoutBox 
                                                  \fi \fi 
l.1115 
        <./graphics/devstack/11_LaunchInstanceAlternative.png (PNG copy)> <./gr
aphics/devstack/05_InstancesEmpty.png (PNG copy)> <./graphics/devstack/06a_Laun
chInstance.png (PNG copy)>]
<graphics/devstack/03_KeyPairs.png, id=992, 1445.4pt x 813.0375pt>
File: graphics/devstack/03_KeyPairs.png Graphic file (type png)

<use graphics/devstack/03_KeyPairs.png>
Package pdftex.def Info: graphics/devstack/03_KeyPairs.png used on input line 1
120.
(pdftex.def)             Requested size: 345.0pt x 78.60617pt.

<graphics/devstack/04_ApiAccess.png, id=995, 1445.4pt x 813.0375pt>
File: graphics/devstack/04_ApiAccess.png Graphic file (type png)

<use graphics/devstack/04_ApiAccess.png>
Package pdftex.def Info: graphics/devstack/04_ApiAccess.png used on input line 
1134.
(pdftex.def)             Requested size: 345.0pt x 126.14337pt.

Overfull \hbox (25.00003pt too wide) in paragraph at lines 1147--1160
[]$ 
 []

[23pdfTeX warning (ext4): destination with the same identifier (name{figure.2.5
}) has been already used, duplicate ignored

\AtBegShi@Output ...ipout \box \AtBeginShipoutBox 
                                                  \fi \fi 
l.1160  \item \begin
                    {verbatim}vagrant up\end{verbatim}pdfTeX warning (ext4): de
stination with the same identifier (name{figure.2.6}) has been already used, du
plicate ignored

\AtBegShi@Output ...ipout \box \AtBeginShipoutBox 
                                                  \fi \fi 
l.1160  \item \begin
                    {verbatim}vagrant up\end{verbatim}pdfTeX warning (ext4): de
stination with the same identifier (name{figure.2.7}) has been already used, du
plicate ignored

\AtBegShi@Output ...ipout \box \AtBeginShipoutBox 
                                                  \fi \fi 
l.1160  \item \begin
                    {verbatim}vagrant up\end{verbatim} <./graphics/devstack/14_
AddedVolume.png (PNG copy)> <./graphics/devstack/02_Images.png (PNG copy)> <./g
raphics/devstack/03_KeyPairs.png (PNG copy)>] [24pdfTeX warning (ext4): destina
tion with the same identifier (name{figure.2.8}) has been already used, duplica
te ignored

\AtBegShi@Output ...ipout \box \AtBeginShipoutBox 
                                                  \fi \fi 
l.1175 ...}HOST_IP="xxx.xxx.xxx.xxx"\end{verbatim}
                                                   <./graphics/devstack/04_ApiA
ccess.png (PNG copy)>]
Overfull \hbox (15.0pt too wide) in paragraph at lines 1184--1211
[]$[]$ 
 []


Overfull \hbox (6.0302pt too wide) in paragraph at lines 1216--1218
 []\OT1/cmr/bx/n/10 Openstack (Hori-zon) starten[] \OT1/cmr/m/n/10 Die fol-gen-
den In-for-ma-tio-nen sind abh^^?angig
 []


Overfull \hbox (16.14305pt too wide) in paragraph at lines 1227--1232
 []\OT1/cmr/bx/n/10 Reboot[] []$\OT1/cmtt/m/n/10 https :// ask [] .openstack []
 .org / en / question / 5423 / rebooting [] -with []
 []

[25]
Overfull \hbox (32.24684pt too wide) in paragraph at lines 1243--1244
[][]$\OT1/cmtt/m/n/10 http :// stackoverflow [] .com / questions / 36268822 / n
o [] -rejoin [] -stack [] -sh [] -script []
 []


Overfull \hbox (97.47922pt too wide) in paragraph at lines 1253--1254
 []\OT1/cmr/bx/n/10 SSH-Verbindung zur Cloud[] \OT1/cmr/m/n/10 http://openstack
-cloud-mylearning.blogspot.de/2015/02/openstack-
 []

[26]
Overfull \hbox (8.03966pt too wide) in paragraph at lines 1269--1269
[]\OT1/cmr/bx/n/14.4 Gegen^^?uberstellung verf^^?ugbarer Werkzeuge und
 []


LaTeX Warning: Marginpar on page 27 moved.


LaTeX Warning: Marginpar on page 27 moved.


LaTeX Warning: Marginpar on page 27 moved.


Underfull \hbox (badness 10000) in paragraph at lines 1291--1291
[]\OT1/cmr/m/n/10 Drittanbieter
 []


Underfull \hbox (badness 10000) in paragraph at lines 1292--1292
[]\OT1/cmr/m/n/10 Daten bei
 []


Underfull \hbox (badness 2573) in paragraph at lines 1293--1294
[]\OT1/cmr/m/n/10 abh^^?angig vom Cloudan-bi-
 []


Underfull \hbox (badness 3229) in paragraph at lines 1294--1295
[]\OT1/cmr/m/n/10 Verantwortung liegt beim
 []


Underfull \hbox (badness 10000) in paragraph at lines 1295--1295
[]\OT1/cmr/m/n/10 Infrastruktur
 []


Underfull \hbox (badness 10000) in paragraph at lines 1296--1296
[]\OT1/cmr/m/n/10 Plattform
 []


Underfull \hbox (badness 10000) in paragraph at lines 1297--1297
\OT1/cmr/m/n/10 (der In-fras-
 []


Underfull \hbox (badness 10000) in paragraph at lines 1297--1297
[]\OT1/cmr/m/n/10 h^^?angt vom genutzten
 []


Underfull \hbox (badness 6268) in paragraph at lines 1298--1298
[]\OT1/cmr/m/n/10 Maximalanforderung muss
 []


Underfull \hbox (badness 10000) in paragraph at lines 1298--1298
\OT1/cmr/m/n/10 im-mer vorhan-den sein
 []


Underfull \hbox (badness 6396) in paragraph at lines 1298--1299
\OT1/cmr/m/n/10 tung herunter fahrbar -
 []


Underfull \hbox (badness 10000) in paragraph at lines 1299--1299
[]\OT1/cmr/m/n/10 spezielle
 []


Underfull \hbox (badness 10000) in paragraph at lines 1299--1299
[]\OT1/cmr/m/n/10 spezielle Hard-ware kann
 []


Underfull \hbox (badness 10000) in paragraph at lines 1299--1299
\OT1/cmr/m/n/10 aus-gew^^?ahlt wer-den (zB
 []

[27pdfTeX warning (ext4): destination with the same identifier (name{table.3.1}
) has been already used, duplicate ignored

\AtBegShi@Output ...ipout \box \AtBeginShipoutBox 
                                                  \fi \fi 
l.1318 
       ]
Overfull \hbox (3.8062pt too wide) in paragraph at lines 1343--1343
[][][][]\OT1/cmr/m/n/5 tabelle/vergleiche 
 []


Overfull \hbox (3.18114pt too wide) in paragraph at lines 1343--1343
\OT1/cmr/m/n/5 rpc,socket,service 
 []


Overfull \hbox (3.8062pt too wide) in paragraph at lines 1343--1343
[][][][]\OT1/cmr/m/n/5 tabelle/vergleiche 
 []


Overfull \hbox (3.18114pt too wide) in paragraph at lines 1343--1343
\OT1/cmr/m/n/5 rpc,socket,service 
 []


Overfull \hbox (3.8062pt too wide) in paragraph at lines 1343--1343
[][][][]\OT1/cmr/m/n/5 tabelle/vergleiche 
 []


Overfull \hbox (3.18114pt too wide) in paragraph at lines 1343--1343
\OT1/cmr/m/n/5 rpc,socket,service 
 []


Overfull \hbox (3.8062pt too wide) in paragraph at lines 1343--1343
[][][][]\OT1/cmr/m/n/5 tabelle/vergleiche 
 []


Overfull \hbox (3.18114pt too wide) in paragraph at lines 1343--1343
\OT1/cmr/m/n/5 rpc,socket,service 
 []


Overfull \hbox (1.77827pt too wide) in paragraph at lines 1352--1354
\OT1/cmr/m/n/10 Services ste-hen repr^^?asentativ f^^?ur eine ser-vice-ori-en-t
ierte Ar-chitek-tur (SOA). Diese
 []

[28]
Underfull \hbox (badness 10000) in paragraph at lines 1371--1371
[]\OT1/cmr/m/n/10 Server zu
 []


Overfull \hbox (7.44482pt too wide) in paragraph at lines 1367--1378
 [][] 
 []

<graphics/modelsManagedNoCaption.pdf, id=1098, 602.25pt x 451.6875pt>
File: graphics/modelsManagedNoCaption.pdf Graphic file (type pdf)

<use graphics/modelsManagedNoCaption.pdf>
Package pdftex.def Info: graphics/modelsManagedNoCaption.pdf used on input line
 1395.
(pdftex.def)             Requested size: 345.0pt x 258.76027pt.

Overfull \hbox (15.61166pt too wide) in paragraph at lines 1402--1405
[]\OT1/cmr/m/n/10 Weiterhin kann eine Cloud Zu-gang zu einer weitest-ge-hend fe
r-ti-gen Entwicklungs-
 []


Overfull \hbox (16.43582pt too wide) in paragraph at lines 1402--1405
\OT1/cmr/m/n/10 beziehungsweise Laufzei-tumge-bung bi-eten. Hier k^^?onnen Nutz
er ohnes eigenh^^?andiges
 []


Underfull \hbox (badness 10000) in paragraph at lines 1423--1423
[]\OT1/cmr/m/n/10 Application
 []


Overfull \hbox (10.90929pt too wide) in paragraph at lines 1418--1428
 [][] 
 []

[29pdfTeX warning (ext4): destination with the same identifier (name{table.3.2}
) has been already used, duplicate ignored

\AtBegShi@Output ...ipout \box \AtBeginShipoutBox 
                                                  \fi \fi 
l.1429 
       ] [30pdfTeX warning (ext4): destination with the same identifier (name{f
igure.3.1}) has been already used, duplicate ignored

\AtBegShi@Output ...ipout \box \AtBeginShipoutBox 
                                                  \fi \fi 
l.1441  \item k
               ann eine hybridform eingsetzt werden?pdfTeX warning (ext4): dest
ination with the same identifier (name{table.3.3}) has been already used, dupli
cate ignored

\AtBegShi@Output ...ipout \box \AtBeginShipoutBox 
                                                  \fi \fi 
l.1441  \item k
               ann eine hybridform eingsetzt werden? <./graphics/modelsManagedN
oCaption.pdf>]
Overfull \hbox (51.83408pt too wide) in paragraph at lines 1450--1462
 [][] 
 []

[31pdfTeX warning (ext4): destination with the same identifier (name{table.3.4}
) has been already used, duplicate ignored

\AtBegShi@Output ...ipout \box \AtBeginShipoutBox 
                                                  \fi \fi 
l.1489 	\item O
               penShift]
Underfull \hbox (badness 10000) in paragraph at lines 1512--1512
[]\OT1/cmr/m/n/10 Microsoft
 []


Underfull \hbox (badness 10000) in paragraph at lines 1514--1514
[]\OT1/cmr/m/n/10 Apache Soft-
 []


Underfull \hbox (badness 4913) in paragraph at lines 1514--1514
\OT1/cmr/m/n/10 ware Foun-da-
 []


Underfull \hbox (badness 10000) in paragraph at lines 1514--1515
[]\OT1/cmr/m/n/10 OpenStack
 []


Underfull \hbox (badness 10000) in paragraph at lines 1515--1515
[]\OT1/cmr/m/n/10 Initialer
 []


Underfull \hbox (badness 10000) in paragraph at lines 1516--1516
[]\OT1/cmr/m/n/10 Apache Li-
 []


Underfull \hbox (badness 10000) in paragraph at lines 1516--1516
[]\OT1/cmr/m/n/10 Plattform ist
 []


Underfull \hbox (badness 10000) in paragraph at lines 1516--1516
\OT1/cmr/m/n/10 Client SDKs
 []


Underfull \hbox (badness 10000) in paragraph at lines 1516--1517
[]\OT1/cmr/m/n/10 Apache Li-
 []


Overfull \hbox (3.29317pt too wide) in paragraph at lines 1517--1517
[]\OT1/cmr/m/n/10 Entwickelt
 []


Overfull \hbox (2.59875pt too wide) in paragraph at lines 1518--1518
[]\OT1/cmr/m/n/10 Homepage| 
 []


Underfull \hbox (badness 10000) in paragraph at lines 1518--1518
[][]$\OT1/cmtt/m/n/10 https :// aws []
 []


Underfull \hbox (badness 10000) in paragraph at lines 1518--1518
\OT1/cmtt/m/n/10 .amazon [] .com /
 []


Underfull \hbox (badness 10000) in paragraph at lines 1518--1518
[][]$\OT1/cmtt/m/n/10 https ://
 []


Underfull \hbox (badness 10000) in paragraph at lines 1518--1518
\OT1/cmtt/m/n/10 cloudstack []
 []


Underfull \hbox (badness 10000) in paragraph at lines 1518--1518
[][]$\OT1/cmtt/m/n/10 https ://
 []


Underfull \hbox (badness 10000) in paragraph at lines 1518--1518
\OT1/cmtt/m/n/10 azure []
 []


Underfull \hbox (badness 10000) in paragraph at lines 1518--1518
\OT1/cmtt/m/n/10 .microsoft []
 []


Underfull \hbox (badness 10000) in paragraph at lines 1518--1519
[][]$\OT1/cmtt/m/n/10 https ://
 []


Underfull \hbox (badness 10000) in paragraph at lines 1518--1519
\OT1/cmtt/m/n/10 openstack []
 []


Underfull \hbox (badness 10000) in paragraph at lines 1519--1519
[]\OT1/cmr/m/n/10 verschiedene
 []


Underfull \hbox (badness 10000) in paragraph at lines 1519--1519
\OT1/cmr/m/n/10 Mod-elle, zB.
 []


Underfull \hbox (badness 10000) in paragraph at lines 1519--1519
\OT1/cmr/m/n/10 on-demand
 []


Underfull \hbox (badness 10000) in paragraph at lines 1519--1520
[]\OT1/cmr/m/n/10 kostenfrei
 []


Underfull \hbox (badness 10000) in paragraph at lines 1519--1520
\OT1/cmr/m/n/10 wenn selbst
 []


Underfull \hbox (badness 10000) in paragraph at lines 1519--1520
\OT1/cmr/m/n/10 gehosted und
 []


Underfull \hbox (badness 10000) in paragraph at lines 1519--1520
\OT1/cmr/m/n/10 de-ployed,
 []


Underfull \hbox (badness 10000) in paragraph at lines 1519--1520
\OT1/cmr/m/n/10 zahlre-ichen
 []


Underfull \hbox (badness 10000) in paragraph at lines 1520--1520
[]\OT1/cmr/m/n/10 Bekannte
 []


Underfull \hbox (badness 2913) in paragraph at lines 1520--1520
[]\OT1/cmr/m/n/10 Dell, Huawai,
 []


Underfull \hbox (badness 10000) in paragraph at lines 1520--1520
[]\OT1/cmr/m/n/10 Daimler,
 []


Underfull \hbox (badness 10000) in paragraph at lines 1520--1520
\OT1/cmr/m/n/10 BMW,
 []


Underfull \hbox (badness 10000) in paragraph at lines 1520--1521
[]\OT1/cmr/m/n/10 NASA, In-tel,
 []


Overfull \hbox (19.44481pt too wide) in paragraph at lines 1510--1523
 [][] 
 []

[32]
Overfull \hbox (0.52834pt too wide) in paragraph at lines 1537--1539
[]\OT1/cmr/m/n/10 Die Cloudsys-teme von Ama-zon und Mi-crosoft ste-hen unter ei
ner pro-priet^^?aren
 []

[33pdfTeX warning (ext4): destination with the same identifier (name{table.3.5}
) has been already used, duplicate ignored

\AtBegShi@Output ...ipout \box \AtBeginShipoutBox 
                                                  \fi \fi 
l.1543 
       ]
Underfull \hbox (badness 10000) in paragraph at lines 1578--1578
[]\OT1/cmr/m/n/10 Service
 []


Underfull \hbox (badness 10000) in paragraph at lines 1580--1580
[]\OT1/cmr/m/n/10 self de-
 []


Underfull \hbox (badness 10000) in paragraph at lines 1582--1582
[]\OT1/cmr/m/n/10 open
 []


Overfull \hbox (19.44481pt too wide) in paragraph at lines 1571--1585
 [][] 
 []


Overfull \hbox (3.97064pt too wide) in paragraph at lines 1591--1595
\OT1/cmr/m/n/10 Deutsche Telekom vertreten (siehe []$\OT1/cmtt/m/n/10 https ://
 www [] .openstack [] .org / marketplace /
 []

[34pdfTeX warning (ext4): destination with the same identifier (name{table.3.6}
) has been already used, duplicate ignored

\AtBegShi@Output ...ipout \box \AtBeginShipoutBox 
                                                  \fi \fi 
l.1595 
       ] [35]
Overfull \hbox (6.16725pt too wide) in paragraph at lines 1674--1679
[]\OT1/cmr/m/n/10 Benutzt Pro-to-buf zum er-stellen von Ser-vices und Nachricht
enob-jek-ten (stubs).
 []


Overfull \hbox (14.3799pt too wide) in paragraph at lines 1674--1679
\OT1/cmr/m/n/10 Of-fizieller sup-port f^^?ur C++ vorhan-den. Im-ple-men-tierung
 f^^?ur c vorhan-den []$\OT1/cmtt/m/n/10 https ://
 []


Overfull \hbox (2.34958pt too wide) in paragraph at lines 1674--1679
\OT1/cmtt/m/n/10 github [] .com / protobuf [] -c / protobuf [] -c$[]\OT1/cmr/m/
n/10 . Das Ba-s-is-frame-work von gRPC ist eben-
 []


Overfull \hbox (0.11162pt too wide) in paragraph at lines 1680--1682
[]\OT1/cmr/m/n/10 Da die Def-i-ni-tio-nen der stubs nicht sprachge-bun-den er-f
ol-gen ist eine (sp^^?atere)
 []

[36]
Overfull \hbox (37.0244pt too wide) in paragraph at lines 1724--1725
[]\OT1/cmr/m/n/10 HPC in der Cloud []$\OT1/cmtt/m/n/10 http :// grids [] .ucs [
] .indiana [] .edu / ptliupages / publications /
 []

[37]
Overfull \hbox (4.6854pt too wide) in paragraph at lines 1770--1774
 []\OT1/cmr/bx/n/10 Kernmodule[] \OT1/cmr/m/n/10 Einige HYPRE-Methoden ^^?ubers
chreiben. Map-ping HYPRE-
 []

[38] <graphics/cloudHypreModules.pdf, id=1299, 1820.75949pt x 1361.3221pt>
File: graphics/cloudHypreModules.pdf Graphic file (type pdf)

<use graphics/cloudHypreModules.pdf>
Package pdftex.def Info: graphics/cloudHypreModules.pdf used on input line 1797
.
(pdftex.def)             Requested size: 345.0pt x 257.92686pt.


LaTeX Warning: Marginpar on page 39 moved.


Overfull \hbox (0.83379pt too wide) in paragraph at lines 1814--1819
[]\OT1/cmr/m/n/10 Daf^^?ur ist ein eigenes grpc Pack-age ent-standen, welches e
inen Ser-vice definiert.
 []

[39pdfTeX warning (ext4): destination with the same identifier (name{figure.5.1
}) has been already used, duplicate ignored

\AtBegShi@Output ...ipout \box \AtBeginShipoutBox 
                                                  \fi \fi 
l.1825 
        <./graphics/cloudHypreModules.pdf>] [40]
Overfull \hbox (1.49698pt too wide) in paragraph at lines 1878--1879
[][]$\OT1/cmtt/m/n/10 https :// cyclecomputing [] .com / running [] -mpi [] -ap
plications [] -in [] -amazon [] -ec2 /$[] 
 []

[41]
Overfull \hbox (1.1743pt too wide) in paragraph at lines 1894--1894
[][][][]\OT1/cmr/m/n/5 Implementierung 
 []


Overfull \hbox (1.1743pt too wide) in paragraph at lines 1894--1894
[][][][]\OT1/cmr/m/n/5 Implementierung 
 []


Overfull \hbox (1.1743pt too wide) in paragraph at lines 1894--1894
[][][][]\OT1/cmr/m/n/5 Implementierung 
 []


Overfull \hbox (1.1743pt too wide) in paragraph at lines 1894--1894
[][][][]\OT1/cmr/m/n/5 Implementierung 
 []

[42] [43] (./researchPaper.bbl
Underfull \hbox (badness 1603) in paragraph at lines 41--57
[]\OT1/cmr/m/n/10 CASC.  (2017b).  \OT1/cmr/m/it/10 Hypre soft-ware re-leases. 
 \OT1/cmr/m/n/10 on-line.  Re-trieved from
 []


Underfull \hbox (badness 10000) in paragraph at lines 41--57
[]$\OT1/cmtt/m/n/10 https :// computation [] .llnl [] .gov / projects / hypre [
] -scalable [] -linear []
 []


Underfull \hbox (badness 7486) in paragraph at lines 41--57
\OT1/cmtt/m/n/10 -solvers [] -multigrid [] -methods / software$[]   \OT1/cmr/m/
n/10 (zuletzt be-sucht am
 []


Underfull \hbox (badness 1496) in paragraph at lines 69--83
[]\OT1/cmr/m/n/10 CASC.  (2017c).  \OT1/cmr/m/it/10 Ref-er-ence man-ual hypre\O
T1/cmr/m/n/10 .  on-line.  Re-trieved from
 []


Underfull \hbox (badness 10000) in paragraph at lines 69--83
[]$\OT1/cmtt/m/n/10 https :// computation [] .llnl [] .gov / projects / hypre [
] -scalable [] -linear []
 []


Underfull \hbox (badness 2689) in paragraph at lines 95--109
[]\OT1/cmr/m/n/10 CASC.  (2017d).  \OT1/cmr/m/it/10 User's man-ual hypre\OT1/cm
r/m/n/10 .  on-line.  Re-trieved from
 []


Underfull \hbox (badness 10000) in paragraph at lines 95--109
[]$\OT1/cmtt/m/n/10 https :// computation [] .llnl [] .gov / projects / hypre [
] -scalable [] -linear []
 []


Underfull \hbox (badness 10000) in paragraph at lines 121--138
\OT1/cmr/m/n/10 trieved from []$\OT1/cmtt/m/n/10 http :// wla [] .berkeley [] .
edu / []cs61a / fa11 / lectures /
 []


Underfull \hbox (badness 1102) in paragraph at lines 307--322
[]\OT1/cmr/m/n/10 NIST.  (2012).  \OT1/cmr/m/it/10 Cloud com-put-ing syn-op-sis
 and rec-om-men-da-tions\OT1/cmr/m/n/10 .  on-
 []

) [44]

Package hyperref Warning: Token not allowed in a PDF string (PDFDocEncoding):
(hyperref)                removing `\\' on input line 1962.


Overfull \hbox (5.00336pt too wide) in paragraph at lines 1992--1995
[][] 
 []

[45] [46] [47] [48] [49] [50] [51] [52] [53] [54] [55] [56]
Overfull \hbox (29.0036pt too wide) in paragraph at lines 2478--2481
[][] 
 []


Overfull \hbox (95.00427pt too wide) in paragraph at lines 2478--2481
[][] 
 []

[57] [58]
Overfull \hbox (111.00464pt too wide) in paragraph at lines 2556--2557
[][][][] 
 []


Overfull \hbox (123.00476pt too wide) in paragraph at lines 2564--2566
[][][][][] 
 []

[59] [60]
Package atveryend Info: Empty hook `BeforeClearDocument' on input line 2587.
Package atveryend Info: Empty hook `AfterLastShipout' on input line 2587.
 (./researchPaper.aux)
Package atveryend Info: Executing hook `AtVeryEndDocument' on input line 2587.
Package atveryend Info: Executing hook `AtEndAfterFileList' on input line 2587.

Package rerunfilecheck Info: File `researchPaper.out' has not changed.
(rerunfilecheck)             Checksum: 2773A1983374216F56406464AC42475E;3565.


LaTeX Warning: There were multiply-defined labels.

Package atveryend Info: Empty hook `AtVeryVeryEnd' on input line 2587.
 ) 
Here is how much of TeX's memory you used:
 21355 strings out of 494953
 379045 string characters out of 6180977
 678594 words of memory out of 5000000
 23098 multiletter control sequences out of 15000+600000
 13128 words of font info for 52 fonts, out of 8000000 for 9000
 14 hyphenation exceptions out of 8191
 62i,18n,76p,936b,1910s stack positions out of 5000i,500n,10000p,200000b,80000s
</usr/share/texlive/texmf-dist/fonts/type1/public/amsfonts/cm/cmbx10.pfb></us
r/share/texlive/texmf-dist/fonts/type1/public/amsfonts/cm/cmbx12.pfb></usr/shar
e/texlive/texmf-dist/fonts/type1/public/amsfonts/cm/cmbx9.pfb></usr/share/texli
ve/texmf-dist/fonts/type1/public/amsfonts/cm/cmmi10.pfb></usr/share/texlive/tex
mf-dist/fonts/type1/public/amsfonts/cm/cmmi5.pfb></usr/share/texlive/texmf-dist
/fonts/type1/public/amsfonts/cm/cmmi7.pfb></usr/share/texlive/texmf-dist/fonts/
type1/public/amsfonts/cm/cmr10.pfb></usr/share/texlive/texmf-dist/fonts/type1/p
ublic/amsfonts/cm/cmr12.pfb></usr/share/texlive/texmf-dist/fonts/type1/public/a
msfonts/cm/cmr17.pfb></usr/share/texlive/texmf-dist/fonts/type1/public/amsfonts
/cm/cmr5.pfb></usr/share/texlive/texmf-dist/fonts/type1/public/amsfonts/cm/cmr6
.pfb></usr/share/texlive/texmf-dist/fonts/type1/public/amsfonts/cm/cmr7.pfb></u
sr/share/texlive/texmf-dist/fonts/type1/public/amsfonts/cm/cmr8.pfb></usr/share
/texlive/texmf-dist/fonts/type1/public/amsfonts/cm/cmsy10.pfb></usr/share/texli
ve/texmf-dist/fonts/type1/public/amsfonts/cm/cmsy5.pfb></usr/share/texlive/texm
f-dist/fonts/type1/public/amsfonts/cm/cmsy7.pfb></usr/share/texlive/texmf-dist/
fonts/type1/public/amsfonts/cm/cmti10.pfb></usr/share/texlive/texmf-dist/fonts/
type1/public/amsfonts/cm/cmtt10.pfb></usr/share/texlive/texmf-dist/fonts/type1/
public/amsfonts/cm/cmtt8.pfb></usr/share/texlive/texmf-dist/fonts/type1/public/
amsfonts/symbols/msam10.pfb>
Output written on researchPaper.pdf (71 pages, 1000447 bytes).
PDF statistics:
 2355 PDF objects out of 2487 (max. 8388607)
 2190 compressed objects within 22 object streams
 1172 named destinations out of 1200 (max. 500000)
 492 words of extra memory for PDF output out of 10000 (max. 10000000)

