\BOOKMARK [1][-]{section.1}{Informationssammlung und Einf\374hrung in die relevanten Themen}{}% 1
\BOOKMARK [2][-]{subsection.1.1}{Allgemeines und Recherche zum Thema Cloud}{section.1}% 2
\BOOKMARK [3][-]{subsubsection.1.1.1}{Einf\374hrung und Grundbegriffe zu Cloudcomputing}{subsection.1.1}% 3
\BOOKMARK [3][-]{subsubsection.1.1.2}{NIST definition introduces five fundamental properties that characterize a cloud offering [CloudcomputingPatterns chap. 1.1]}{subsection.1.1}% 4
\BOOKMARK [3][-]{subsubsection.1.1.3}{IDEAL cloud-native applications [CloudcomputingPatterns chap. 1.2]}{subsection.1.1}% 5
\BOOKMARK [3][-]{subsubsection.1.1.4}{Arten von Cloud}{subsection.1.1}% 6
\BOOKMARK [3][-]{subsubsection.1.1.5}{Cloudsysteme}{subsection.1.1}% 7
\BOOKMARK [3][-]{subsubsection.1.1.6}{Ressourcen}{subsection.1.1}% 8
\BOOKMARK [3][-]{subsubsection.1.1.7}{Webtechnologien}{subsection.1.1}% 9
\BOOKMARK [2][-]{subsection.1.2}{HYPRE - \334berblick \374ber die Bibliothek}{section.1}% 10
\BOOKMARK [3][-]{subsubsection.1.2.1}{Funktionsumfang allgemein}{subsection.1.2}% 11
\BOOKMARK [3][-]{subsubsection.1.2.2}{Funktionsweise}{subsection.1.2}% 12
\BOOKMARK [3][-]{subsubsection.1.2.3}{Verwendung}{subsection.1.2}% 13
\BOOKMARK [3][-]{subsubsection.1.2.4}{Ressourcen}{subsection.1.2}% 14
\BOOKMARK [2][-]{subsection.1.3}{Werkzeuge f\374r die verteilte Ausf\374hrung}{section.1}% 15
\BOOKMARK [3][-]{subsubsection.1.3.1}{RPC}{subsection.1.3}% 16
\BOOKMARK [3][-]{subsubsection.1.3.2}{andere}{subsection.1.3}% 17
\BOOKMARK [3][-]{subsubsection.1.3.3}{Serialisierung}{subsection.1.3}% 18
\BOOKMARK [1][-]{section.2}{Vergleiche und Auswahl von Werkzeugen}{}% 19
\BOOKMARK [2][-]{subsection.2.1}{'private' vs 'public' Cloud}{section.2}% 20
\BOOKMARK [2][-]{subsection.2.2}{Technologie}{section.2}% 21
\BOOKMARK [2][-]{subsection.2.3}{Cloudtyp}{section.2}% 22
\BOOKMARK [2][-]{subsection.2.4}{Sprache}{section.2}% 23
\BOOKMARK [2][-]{subsection.2.5}{Vergleich ausgew\344hlter Cloudsysteme in einer Tabelle}{section.2}% 24
\BOOKMARK [1][-]{section.3}{Vorbereitungen f\374r die Implementierung}{}% 25
\BOOKMARK [2][-]{subsection.3.1}{gRPC}{section.3}% 26
\BOOKMARK [2][-]{subsection.3.2}{Ressourcen}{section.3}% 27
\BOOKMARK [2][-]{subsection.3.3}{Roadmap Implementierung}{section.3}% 28
\BOOKMARK [1][-]{section.4}{\(Test-\)Installation OpenStack}{}% 29
\BOOKMARK [1][-]{section.5}{Zuk\374nftige, weiterf\374hrende Arbeiten}{}% 30
